\BOOKMARK [0][-]{section*.2}{\376\377\004\022\004\062\004\065\004\064\004\065\004\075\004\070\004\065}{}% 1
\BOOKMARK [0][-]{chapter.1}{\376\377\004\020\004\075\004\060\004\073\004\070\004\102\004\070\004\107\004\065\004\101\004\072\004\070\004\071\000\040\004\100\004\060\004\067\004\064\004\065\004\073}{}% 2
\BOOKMARK [1][-]{section.1.1}{\376\377\004\020\004\075\004\060\004\073\004\070\004\067\000\040\004\100\004\065\004\110\004\065\004\075\004\070\004\071}{chapter.1}% 3
\BOOKMARK [1][-]{section.1.2}{\376\377\004\036\004\061\004\067\004\076\004\100\000\040\004\101\004\103\004\111\004\065\004\101\004\102\004\062\004\103\004\116\004\111\004\070\004\105\000\040\004\100\004\065\004\110\004\065\004\075\004\070\004\071}{chapter.1}% 4
\BOOKMARK [2][-]{subsection.1.2.1}{\376\377\000C\000P\000N\000\040\000T\000o\000o\000l\000s}{section.1.2}% 5
\BOOKMARK [2][-]{subsection.1.2.2}{\376\377\000U\000n\000i\000M\000o\000d}{section.1.2}% 6
\BOOKMARK [2][-]{subsection.1.2.3}{\376\377\004\057\004\067\004\113\004\072\000\040\004\077\004\100\004\076\004\063\004\100\004\060\004\074\004\074\004\070\004\100\004\076\004\062\004\060\004\075\004\070\004\117\000\040\004\024\004\040\004\020\004\032\004\036\004\035}{section.1.2}% 7
\BOOKMARK [1][-]{section.1.3}{\376\377\004\020\004\075\004\060\004\073\004\070\004\067\000\040\000U\000M\000L\000\040\004\064\004\070\004\060\004\063\004\100\004\060\004\074\004\074}{chapter.1}% 8
\BOOKMARK [2][-]{subsection.1.3.1}{\376\377\004\024\004\070\004\060\004\063\004\100\004\060\004\074\004\074\004\060\000\040\004\064\004\065\004\117\004\102\004\065\004\073\004\114\004\075\004\076\004\101\004\102\004\070}{section.1.3}% 9
\BOOKMARK [2][-]{subsection.1.3.2}{\376\377\004\037\004\100\004\065\004\064\004\101\004\102\004\060\004\062\004\073\004\065\004\075\004\070\004\065\000\040\000U\000M\000L\000\040\004\064\004\070\004\060\004\063\004\100\004\060\004\074\004\074}{section.1.3}% 10
\BOOKMARK [1][-]{section.1.4}{\376\377\004\041\004\065\004\102\004\070\000\040\004\037\004\065\004\102\004\100\004\070}{chapter.1}% 11
\BOOKMARK [2][-]{subsection.1.4.1}{\376\377\004\034\004\076\004\064\004\065\004\073\004\070\004\100\004\103\004\116\004\111\004\070\004\065\000\040\004\101\004\077\004\076\004\101\004\076\004\061\004\075\004\076\004\101\004\102\004\070\000\040\004\101\004\065\004\102\004\065\004\071\000\040\004\037\004\065\004\102\004\100\004\070}{section.1.4}% 12
\BOOKMARK [2][-]{subsection.1.4.2}{\376\377\004\040\004\060\004\101\004\072\004\100\004\060\004\110\004\065\004\075\004\075\004\113\004\065\000\040\004\101\004\065\004\102\004\070\000\040\004\037\004\065\004\102\004\100\004\070}{section.1.4}% 13
\BOOKMARK [1][-]{section.1.5}{\376\377\004\020\004\075\004\060\004\073\004\070\004\067\000\040\004\101\004\065\004\102\004\065\004\071\000\040\004\037\004\065\004\102\004\100\004\070}{chapter.1}% 14
\BOOKMARK [2][-]{subsection.1.5.1}{\376\377\004\024\004\065\004\100\004\065\004\062\004\076\000\040\004\064\004\076\004\101\004\102\004\070\004\066\004\070\004\074\004\076\004\101\004\102\004\070}{section.1.5}% 15
\BOOKMARK [2][-]{subsection.1.5.2}{\376\377\004\034\004\060\004\102\004\100\004\070\004\107\004\075\004\113\004\071\000\040\004\101\004\077\004\076\004\101\004\076\004\061}{section.1.5}% 16
\BOOKMARK [0][-]{chapter.2}{\376\377\004\032\004\076\004\075\004\101\004\102\004\100\004\103\004\072\004\102\004\076\004\100\004\101\004\072\004\070\004\071\000\040\004\100\004\060\004\067\004\064\004\065\004\073}{}% 17
\BOOKMARK [1][-]{section.2.1}{\376\377\004\055\004\102\004\060\004\077\004\113\000\040\004\100\004\065\004\110\004\065\004\075\004\070\004\117\000\040\004\077\004\076\004\101\004\102\004\060\004\062\004\073\004\065\004\075\004\075\004\076\004\071\000\040\004\067\004\060\004\064\004\060\004\107\004\070}{chapter.2}% 18
\BOOKMARK [1][-]{section.2.2}{\376\377\004\040\004\070\004\101\004\076\004\062\004\060\004\075\004\070\004\065\000\040\004\061\004\065\004\101\004\072\004\076\004\075\004\102\004\103\004\100\004\075\004\113\004\105\000\040\004\063\004\100\004\060\004\104\004\076\004\062}{chapter.2}% 19
\BOOKMARK [2][-]{subsection.2.2.1}{\376\377\004\037\004\076\004\101\004\102\004\100\004\076\004\065\004\075\004\070\004\065\000\040\004\060\004\101\004\101\004\076\004\106\004\070\004\070\004\100\004\076\004\062\004\060\004\075\004\075\004\076\004\063\004\076\000\040\004\076\004\100\004\063\004\100\004\060\004\104\004\060\000\040\000G\000*}{section.2.2}% 20
\BOOKMARK [2][-]{subsection.2.2.2}{\376\377\004\042\004\076\004\077\004\076\004\073\004\076\004\063\004\070\004\107\004\065\004\101\004\072\004\060\004\117\000\040\004\101\004\076\004\100\004\102\004\070\004\100\004\076\004\062\004\072\004\060\000\040\004\101\004\065\004\102\004\065\004\071}{section.2.2}% 21
\BOOKMARK [2][-]{subsection.2.2.3}{\376\377\004\034\004\076\004\067\004\060\004\070\004\107\004\075\004\076\004\065\000\040\004\077\004\100\004\065\004\064\004\101\004\102\004\060\004\062\004\073\004\065\004\075\004\070\004\065\000\040\004\063\004\100\004\060\004\104\004\060}{section.2.2}% 22
\BOOKMARK [2][-]{subsection.2.2.4}{\376\377\004\037\004\076\004\073\004\070\004\073\004\070\004\075\004\065\004\071\004\075\004\076\004\065\000\040\004\070\004\067\004\076\004\061\004\100\004\060\004\066\004\065\004\075\004\070\004\065\000\040\004\063\004\100\004\060\004\104\004\060\000\040\000G}{section.2.2}% 23
\BOOKMARK [1][-]{section.2.3}{\376\377\004\036\004\077\004\070\004\101\004\060\004\075\004\070\004\065\000\040\000U\000M\000L\000\040\004\064\004\070\004\060\004\063\004\100\004\060\004\074\004\074\000\040\004\101\000\040\004\077\004\076\004\074\004\076\004\111\004\114\004\116\000\040\000X\000M\000I}{chapter.2}% 24
\BOOKMARK [1][-]{section.2.4}{\376\377\004\037\004\100\004\065\004\076\004\061\004\100\004\060\004\067\004\076\004\062\004\060\004\075\004\070\004\065\000\040\004\064\004\070\004\060\004\063\004\100\004\060\004\074\004\074\004\113\000\040\004\064\004\065\004\117\004\102\004\065\004\073\004\114\004\075\004\076\004\101\004\102\004\070\000\040\004\062\000\040\004\100\004\060\004\101\004\072\004\100\004\060\004\110\004\065\004\075\004\075\004\103\004\116\000\040\004\101\004\065\004\102\004\114\000\040\004\037\004\065\004\102\004\100\004\070}{chapter.2}% 25
\BOOKMARK [2][-]{subsection.2.4.1}{\376\377\004\037\004\076\004\073\004\103\004\107\004\065\004\075\004\070\004\065\000\040\004\101\004\077\004\070\004\101\004\072\004\060\000\040\004\077\004\065\004\100\004\065\004\074\004\065\004\075\004\075\004\113\004\105}{section.2.4}% 26
\BOOKMARK [2][-]{subsection.2.4.2}{\376\377\004\022\004\062\004\065\004\064\004\065\004\075\004\070\004\065\000\040\004\075\004\060\004\107\004\060\004\073\004\114\004\075\004\076\004\071\000\040\004\100\004\060\004\067\004\074\004\065\004\102\004\072\004\070}{section.2.4}% 27
\BOOKMARK [2][-]{subsection.2.4.3}{\376\377\004\037\004\100\004\065\004\076\004\061\004\100\004\060\004\067\004\076\004\062\004\060\004\075\004\070\004\065\000\040\004\062\000\040\004\077\004\100\004\076\004\101\004\102\004\103\004\116\000\040\004\101\004\065\004\102\004\114\000\040\004\037\004\065\004\102\004\100\004\070}{section.2.4}% 28
\BOOKMARK [2][-]{subsection.2.4.4}{\376\377\004\035\004\060\004\073\004\076\004\066\004\065\004\075\004\070\004\065\000\040\004\100\004\060\004\101\004\072\004\100\004\060\004\101\004\072\004\070}{section.2.4}% 29
\BOOKMARK [1][-]{section.2.5}{\376\377\004\036\004\061\004\100\004\060\004\102\004\075\004\060\004\117\000\040\004\077\004\076\004\073\004\114\004\101\004\072\004\060\004\117\000\040\004\067\004\060\004\077\004\070\004\101\004\114}{chapter.2}% 30
\BOOKMARK [1][-]{section.2.6}{\376\377\004\020\004\073\004\063\004\076\004\100\004\070\004\102\004\074\000\040\004\077\004\076\004\101\004\102\004\100\004\076\004\065\004\075\004\070\004\117\000\040\004\064\004\065\004\100\004\065\004\062\004\060\000\040\004\064\004\076\004\101\004\102\004\070\004\066\004\070\004\074\004\076\004\101\004\102\004\070}{chapter.2}% 31
\BOOKMARK [0][-]{chapter.3}{\376\377\004\042\004\065\004\105\004\075\004\076\004\073\004\076\004\063\004\070\004\107\004\065\004\101\004\072\004\070\004\071\000\040\004\100\004\060\004\067\004\064\004\065\004\073}{}% 32
\BOOKMARK [1][-]{section.3.1}{\376\377\004\022\004\113\004\061\004\076\004\100\000\040\004\070\000\040\004\076\004\061\004\076\004\101\004\075\004\076\004\062\004\060\004\075\004\070\004\065\000\040\004\117\004\067\004\113\004\072\004\060\000\040\004\077\004\100\004\076\004\063\004\100\004\060\004\074\004\074\004\070\004\100\004\076\004\062\004\060\004\075\004\070\004\117}{chapter.3}% 33
\BOOKMARK [1][-]{section.3.2}{\376\377\004\041\004\102\004\100\004\103\004\072\004\102\004\103\004\100\004\060\000\040\004\077\004\100\004\076\004\063\004\100\004\060\004\074\004\074\004\075\004\076\004\063\004\076\000\040\004\072\004\076\004\074\004\077\004\073\004\065\004\072\004\101\004\060}{chapter.3}% 34
\BOOKMARK [1][-]{section.3.3}{\376\377\004\020\004\073\004\063\004\076\004\100\004\070\004\102\004\074\000\040\004\100\004\060\004\061\004\076\004\102\004\113\000\040\004\101\004\070\004\101\004\102\004\065\004\074\004\113}{chapter.3}% 35
\BOOKMARK [2][-]{subsection.3.3.1}{\376\377\004\037\004\076\004\101\004\102\004\100\004\076\004\065\004\075\004\070\004\065\000\040\004\101\004\077\004\070\004\101\004\072\004\060\000\040\004\077\004\065\004\100\004\065\004\074\004\065\004\075\004\075\004\113\004\105}{section.3.3}% 36
\BOOKMARK [2][-]{subsection.3.3.2}{\376\377\004\037\004\100\004\065\004\076\004\061\004\100\004\060\004\067\004\076\004\062\004\060\004\075\004\070\004\065\000\040\004\062\000\040\004\077\004\100\004\076\004\101\004\102\004\103\004\116\000\040\004\101\004\065\004\102\004\114\000\040\004\037\004\065\004\102\004\100\004\070}{section.3.3}% 37
\BOOKMARK [2][-]{subsection.3.3.3}{\376\377\004\044\004\076\004\100\004\074\004\070\004\100\004\076\004\062\004\060\004\075\004\070\004\065\000\040\004\074\004\075\004\076\004\066\004\065\004\101\004\102\004\062\004\060\000\040\004\060\004\072\004\102\004\070\004\062\004\075\004\113\004\105\000\040\004\077\004\065\004\100\004\065\004\105\004\076\004\064\004\076\004\062}{section.3.3}% 38
\BOOKMARK [1][-]{section.3.4}{\376\377\004\020\004\075\004\060\004\073\004\070\004\067\000\040\004\100\004\060\004\061\004\076\004\102\004\076\004\101\004\077\004\076\004\101\004\076\004\061\004\075\004\076\004\101\004\102\004\070\000\040\004\077\004\100\004\076\004\063\004\100\004\060\004\074\004\074\004\075\004\076\004\063\004\076\000\040\004\072\004\076\004\074\004\077\004\073\004\065\004\072\004\101\004\060}{chapter.3}% 39
\BOOKMARK [0][-]{section*.20}{\376\377\004\041\004\077\004\070\004\101\004\076\004\072\000\040\000\040\004\070\004\101\004\077\004\076\004\073\004\114\004\067\004\076\004\062\004\060\004\075\004\075\004\113\004\105\000\040\000\040\004\070\004\101\004\102\004\076\004\107\004\075\004\070\004\072\004\076\004\062}{}% 40
