This is pdfTeX, Version 3.1415926-1.40.11 (TeX Live 2010) (format=pdflatex 2011.4.17)  24 MAY 2012 10:40
entering extended mode
 restricted \write18 enabled.
 %&-line parsing enabled.
**rpz.tex
(./rpz.tex
LaTeX2e <2009/09/24>
Babel <v3.8l> and hyphenation patterns for english, dumylang, nohyphenation, ge
rman-x-2009-06-19, ngerman-x-2009-06-19, ancientgreek, ibycus, arabic, armenian
, basque, bulgarian, catalan, pinyin, coptic, croatian, czech, danish, dutch, u
kenglish, usenglishmax, esperanto, estonian, farsi, finnish, french, galician, 
german, ngerman, swissgerman, monogreek, greek, hungarian, icelandic, assamese,
 bengali, gujarati, hindi, kannada, malayalam, marathi, oriya, panjabi, tamil, 
telugu, indonesian, interlingua, irish, italian, kurmanji, lao, latin, latvian,
 lithuanian, mongolian, mongolianlmc, bokmal, nynorsk, polish, portuguese, roma
nian, russian, sanskrit, serbian, slovak, slovenian, spanish, swedish, turkish,
 turkmen, ukrainian, uppersorbian, welsh, loaded.
(./G7-32.cls
Document Class: G7-32 2003/07/01 v1.0 Non Standard LaTeX document class
(./G2-105.sty
Package: G2-105 2003/07/07 v1.00 General reqs. GOST 2.105-95
 (./GostBase.clo
(/usr/local/texlive/2010/texmf-dist/tex/latex/base/size12.clo
File: size12.clo 2007/10/19 v1.4h Standard LaTeX file (size option)
))
\c@totalpage=\count79
\c@totaltable=\count80
\c@totalfigure=\count81
\c@totalbib=\count82
\GostAfterTitleSkip=\skip41
\GostBetweenTitleSkip=\skip42
\GostBeforTitleSkip=\skip43
\GostBeforNoTitleSkip=\skip44
\GostHTitleSpace=\skip45
\GostTitleIndent=\skip46
\Gost@ChapterIndent=\skip47
\Gost@MainChapterIndent=\skip48
\Gost@TitleDropSkip=\skip49
\c@chapter=\count83
\c@section=\count84
\c@subsection=\count85
\c@subsubsection=\count86
\NirTitleDropSkip=\skip50

(/usr/local/texlive/2010/texmf-dist/tex/latex/t2/mathtext.sty
Package: mathtext 1999/01/28 v1.0 transparent text-and-math defs
LaTeX Info: Redefining \halign on input line 111.
)
(/usr/local/texlive/2010/texmf-dist/tex/latex/cmap/cmap.sty
Package: cmap 2008/03/06 v1.0h CMap support: searchable PDF
)
(/usr/local/texlive/2010/texmf-dist/tex/latex/ucs/ucs.sty
Package: ucs 2004/10/17 UCS: Unicode input support

(/usr/local/texlive/2010/texmf-dist/tex/latex/ucs/data/uni-global.def
File: uni-global.def 2004/10/17 UCS: Unicode global data
)
\uc@secondtry=\count87
\uc@combtoks=\toks14
\uc@combtoksb=\toks15
\uc@temptokena=\toks16
)
(/usr/local/texlive/2010/texmf-dist/tex/latex/base/fontenc.sty
Package: fontenc 2005/09/27 v1.99g Standard LaTeX package

(/usr/local/texlive/2010/texmf-dist/tex/latex/cyrillic/t2aenc.def
File: t2aenc.def 2005/09/27 v1.0i Cyrillic encoding definition file
\symT2Aletters=\mathgroup4
)
LaTeX Font Info:    Try loading font information for T2A+cmr on input line 100.


(/usr/local/texlive/2010/texmf-dist/tex/latex/cyrillic/t2acmr.fd
File: t2acmr.fd 2001/08/11 v1.0a Computer Modern Cyrillic font definitions
)<<t2a.cmap>>)
(/usr/local/texlive/2010/texmf-dist/tex/latex/base/inputenc.sty
Package: inputenc 2008/03/30 v1.1d Input encoding file
\inpenc@prehook=\toks17
\inpenc@posthook=\toks18

(/usr/local/texlive/2010/texmf-dist/tex/latex/ucs/utf8x.def
File: utf8x.def 2004/10/17 UCS: Input encoding UTF-8
))
(/usr/local/texlive/2010/texmf-dist/tex/generic/babel/babel.sty
Package: babel 2008/07/06 v3.8l The Babel package

(/usr/local/texlive/2010/texmf-dist/tex/generic/babel/english.ldf
Language: english 2005/03/30 v3.3o English support from the babel system

(/usr/local/texlive/2010/texmf-dist/tex/generic/babel/babel.def
File: babel.def 2008/07/06 v3.8l Babel common definitions
\babel@savecnt=\count88
\U@D=\dimen102
)
\l@canadian = a dialect from \language\l@american 
\l@australian = a dialect from \language\l@british 
\l@newzealand = a dialect from \language\l@british 
)
(/usr/local/texlive/2010/texmf-dist/tex/generic/babel/russianb.ldf
Language: russianb 2008/03/21 v1.1r Russian support from the babel system
Package babel Info: Making " an active character on input line 199.
LaTeX Font Info:    Overwriting symbol font `T2Aletters' in version `bold'
(Font)                  T2A/cmr/m/n --> T2A/cmr/bx/n on input line 283.
LaTeX Font Info:    Overwriting math alphabet `\cyrmathsf' in version `bold'
(Font)                  T2A/cmss/m/n --> T2A/cmss/bx/n on input line 283.
LaTeX Font Info:    Overwriting math alphabet `\cyrmathit' in version `bold'
(Font)                  T2A/cmr/m/it --> T2A/cmr/bx/it on input line 283.
))
(/usr/local/texlive/2010/texmf-dist/tex/latex/base/flafter.sty
Package: flafter 2000/07/23 v1.2i Standard LaTeX floats after reference (FMi)
)
\GostItemGap=\skip51
\GostItemIndent=\skip52
\GostItemNestedIndent=\skip53

(/usr/local/texlive/2010/texmf-dist/tex/latex/amsfonts/amssymb.sty
Package: amssymb 2009/06/22 v3.00

(/usr/local/texlive/2010/texmf-dist/tex/latex/amsfonts/amsfonts.sty
Package: amsfonts 2009/06/22 v3.00 Basic AMSFonts support
\@emptytoks=\toks19
\symAMSa=\mathgroup5
\symAMSb=\mathgroup6
LaTeX Font Info:    Overwriting math alphabet `\mathfrak' in version `bold'
(Font)                  U/euf/m/n --> U/euf/b/n on input line 96.
))
(/usr/local/texlive/2010/texmf-dist/tex/latex/amsmath/amsmath.sty
Package: amsmath 2000/07/18 v2.13 AMS math features
\@mathmargin=\skip54

For additional information on amsmath, use the `?' option.
(/usr/local/texlive/2010/texmf-dist/tex/latex/amsmath/amstext.sty
Package: amstext 2000/06/29 v2.01

(/usr/local/texlive/2010/texmf-dist/tex/latex/amsmath/amsgen.sty
File: amsgen.sty 1999/11/30 v2.0
\@emptytoks=\toks20
\ex@=\dimen103
))
(/usr/local/texlive/2010/texmf-dist/tex/latex/amsmath/amsbsy.sty
Package: amsbsy 1999/11/29 v1.2d
\pmbraise@=\dimen104
)
(/usr/local/texlive/2010/texmf-dist/tex/latex/amsmath/amsopn.sty
Package: amsopn 1999/12/14 v2.01 operator names
)
\inf@bad=\count89
LaTeX Info: Redefining \frac on input line 211.
\uproot@=\count90
\leftroot@=\count91
LaTeX Info: Redefining \overline on input line 307.
\classnum@=\count92
\DOTSCASE@=\count93
LaTeX Info: Redefining \ldots on input line 379.
LaTeX Info: Redefining \dots on input line 382.
LaTeX Info: Redefining \cdots on input line 467.
\Mathstrutbox@=\box26
\strutbox@=\box27
\big@size=\dimen105
LaTeX Font Info:    Redeclaring font encoding OML on input line 567.
\symOMLletters=\mathgroup7
LaTeX Font Info:    Redeclaring font encoding OMS on input line 568.
\symOMSletters=\mathgroup8
\macc@depth=\count94
\c@MaxMatrixCols=\count95
\dotsspace@=\muskip10
\c@parentequation=\count96
\dspbrk@lvl=\count97
\tag@help=\toks21
\row@=\count98
\column@=\count99
\maxfields@=\count100
\andhelp@=\toks22
\eqnshift@=\dimen106
\alignsep@=\dimen107
\tagshift@=\dimen108
\tagwidth@=\dimen109
\totwidth@=\dimen110
\lineht@=\dimen111
\@envbody=\toks23
\multlinegap=\skip55
\multlinetaggap=\skip56
\mathdisplay@stack=\toks24
LaTeX Info: Redefining \[ on input line 2666.
LaTeX Info: Redefining \] on input line 2667.
)
(/usr/local/texlive/2010/texmf-dist/tex/latex/was/icomma.sty
Package: icomma 2002/03/10 v2.0 (WaS)
)
(/usr/local/texlive/2010/texmf-dist/tex/latex/base/leqno.clo
File: leqno.clo 1998/08/17 v1.1c Standard LaTeX option (left equation numbers)
)
\Gost@EqRemLen=\skip57
\Gost@@EqRemLen=\skip58

(/usr/local/texlive/2010/texmf-dist/tex/latex/caption/caption.sty
Package: caption 2010/01/09 v3.1m Customizing captions (AR)

(/usr/local/texlive/2010/texmf-dist/tex/latex/caption/caption3.sty
Package: caption3 2010/01/14 v3.1m caption3 kernel (AR)

(/usr/local/texlive/2010/texmf-dist/tex/latex/graphics/keyval.sty
Package: keyval 1999/03/16 v1.13 key=value parser (DPC)
\KV@toks@=\toks25
)
\captionmargin=\dimen112
\captionmargin@=\dimen113
\captionwidth=\dimen114
\caption@indent=\dimen115
\caption@parindent=\dimen116
\caption@hangindent=\dimen117
\abovecaptionskip=\skip59
\belowcaptionskip=\skip60
Package caption Info: Unknown document class (or package),
(caption)             standard defaults will be used on input line 1084.
)

Package caption Warning: Unsupported document class (or package) detected,
(caption)                usage of the caption package is not recommended.
See the caption package documentation for explanation.

Package caption Info: \@makecaption = undefined.
\c@ContinuedFloat=\count101
)
\c@figure=\count102
\c@table=\count103
 (/usr/local/texlive/2010/texmf-dist/tex/latex/tools/longtable.sty
Package: longtable 2004/02/01 v4.11 Multi-page Table package (DPC)
\LTleft=\skip61
\LTright=\skip62
\LTpre=\skip63
\LTpost=\skip64
\LTchunksize=\count104
\LTcapwidth=\dimen118
\LT@head=\box28
\LT@firsthead=\box29
\LT@foot=\box30
\LT@lastfoot=\box31
\LT@cols=\count105
\LT@rows=\count106
\c@LT@tables=\count107
\c@LT@chunks=\count108
\LT@p@ftn=\toks26
)
(/usr/local/texlive/2010/texmf-dist/tex/latex/footmisc/footmisc.sty
Package: footmisc 2009/09/15 v5.5a a miscellany of footnote facilities
\FN@temptoken=\toks27
\footnotemargin=\dimen119
\c@pp@next@reset=\count109
\c@@fnserial=\count110
Package footmisc Info: Declaring symbol style bringhurst on input line 855.
Package footmisc Info: Declaring symbol style chicago on input line 863.
Package footmisc Info: Declaring symbol style wiley on input line 872.
Package footmisc Info: Declaring symbol style lamport-robust on input line 883.

Package footmisc Info: Declaring symbol style lamport* on input line 903.
Package footmisc Info: Declaring symbol style lamport*-robust on input line 924
.
)
\bibindent=\dimen120
)
(/usr/local/texlive/2010/texmf-dist/tex/latex/geometry/geometry.sty
Package: geometry 2010/07/13 v5.5 Page Geometry

(/usr/local/texlive/2010/texmf-dist/tex/generic/oberdiek/ifpdf.sty
Package: ifpdf 2010/01/28 v2.1 Provides the ifpdf switch (HO)
Package ifpdf Info: pdfTeX in pdf mode detected.
)
(/usr/local/texlive/2010/texmf-dist/tex/generic/oberdiek/ifvtex.sty
Package: ifvtex 2010/03/01 v1.5 Switches for detecting VTeX and its modes (HO)
Package ifvtex Info: VTeX not detected.
)
\Gm@cnth=\count111
\Gm@cntv=\count112
\c@Gm@tempcnt=\count113
\Gm@bindingoffset=\dimen121
\Gm@wd@mp=\dimen122
\Gm@odd@mp=\dimen123
\Gm@even@mp=\dimen124
\Gm@layoutwidth=\dimen125
\Gm@layoutheight=\dimen126
\Gm@layouthoffset=\dimen127
\Gm@layoutvoffset=\dimen128
\Gm@dimlist=\toks28
)
(./G7-32.sty
Package: G7-32 2003/07/07 v1.00 Titles for GOST 7.32-2001
))
\@input{preamble-std.aux}
\openout2 = `preamble-std.aux'.

(./preamble-std.tex
(/usr/local/texlive/2010/texmf-dist/tex/latex/hyperref/hyperref.sty
Package: hyperref 2010/06/18 v6.81g Hypertext links for LaTeX

(/usr/local/texlive/2010/texmf-dist/tex/generic/oberdiek/ltxcmds.sty
Package: ltxcmds 2010/04/26 v1.7 LaTeX kernel commands for general use (HO)
)
(/usr/local/texlive/2010/texmf-dist/tex/generic/oberdiek/kvsetkeys.sty
Package: kvsetkeys 2010/03/01 v1.9 Key value parser (HO)

(/usr/local/texlive/2010/texmf-dist/tex/generic/oberdiek/infwarerr.sty
Package: infwarerr 2010/04/08 v1.3 Providing info/warning/message (HO)
)
(/usr/local/texlive/2010/texmf-dist/tex/generic/oberdiek/etexcmds.sty
Package: etexcmds 2010/01/28 v1.3 Prefix for e-TeX command names (HO)
Package etexcmds Info: Could not find \expanded.
(etexcmds)             That can mean that you are not using pdfTeX 1.50 or
(etexcmds)             that some package has redefined \expanded.
(etexcmds)             In the latter case, load this package earlier.
))
(/usr/local/texlive/2010/texmf-dist/tex/generic/oberdiek/pdfescape.sty
Package: pdfescape 2010/03/01 v1.9 Provides hex, PDF name and string conversion
s (HO)

(/usr/local/texlive/2010/texmf-dist/tex/generic/oberdiek/pdftexcmds.sty
Package: pdftexcmds 2010/04/01 v0.9 Utility functions of pdfTeX for LuaTeX (HO)


(/usr/local/texlive/2010/texmf-dist/tex/generic/oberdiek/ifluatex.sty
Package: ifluatex 2010/03/01 v1.3 Provides the ifluatex switch (HO)
Package ifluatex Info: LuaTeX not detected.
)
Package pdftexcmds Info: LuaTeX not detected.
Package pdftexcmds Info: \pdf@primitive is available.
Package pdftexcmds Info: \pdf@ifprimitive is available.
))
(/usr/local/texlive/2010/texmf-dist/tex/generic/ifxetex/ifxetex.sty
Package: ifxetex 2009/01/23 v0.5 Provides ifxetex conditional
)
(/usr/local/texlive/2010/texmf-dist/tex/latex/oberdiek/hycolor.sty
Package: hycolor 2009/12/12 v1.6 Color options of hyperref/bookmark (HO)

(/usr/local/texlive/2010/texmf-dist/tex/latex/oberdiek/xcolor-patch.sty
Package: xcolor-patch 2009/12/12 xcolor patch
))
(/usr/local/texlive/2010/texmf-dist/tex/latex/oberdiek/letltxmacro.sty
Package: letltxmacro 2008/06/24 v1.3 Let assignment for LaTeX macros (HO)
)
\@linkdim=\dimen129
\Hy@linkcounter=\count114
\Hy@pagecounter=\count115

(/usr/local/texlive/2010/texmf-dist/tex/latex/hyperref/pd1enc.def
File: pd1enc.def 2010/06/18 v6.81g Hyperref: PDFDocEncoding definition (HO)
\symPD1letters=\mathgroup9
)
(/usr/local/texlive/2010/texmf-dist/tex/generic/oberdiek/intcalc.sty
Package: intcalc 2007/09/27 v1.1 Expandable integer calculations (HO)
)
Package hyperref Info: Option `unicode' set `true' on input line 2944.

(/usr/local/texlive/2010/texmf-dist/tex/latex/hyperref/puenc.def
File: puenc.def 2010/06/18 v6.81g Hyperref: PDF Unicode definition (HO)
\symPUletters=\mathgroup10
)
(/usr/local/texlive/2010/texmf-dist/tex/latex/latexconfig/hyperref.cfg
File: hyperref.cfg 2002/06/06 v1.2 hyperref configuration of TeXLive
)
(/usr/local/texlive/2010/texmf-dist/tex/latex/oberdiek/kvoptions.sty
Package: kvoptions 2010/02/22 v3.7 Keyval support for LaTeX options (HO)
)
Package hyperref Info: Option `bookmarks' set `true' on input line 3577.
Package hyperref Info: Option `colorlinks' set `true' on input line 3577.
Package hyperref Info: Option `unicode' set `true' on input line 3577.
Package hyperref Info: Hyper figures OFF on input line 3658.
Package hyperref Info: Link nesting OFF on input line 3663.
Package hyperref Info: Hyper index ON on input line 3666.
Package hyperref Info: Plain pages OFF on input line 3673.
Package hyperref Info: Backreferencing OFF on input line 3678.

Implicit mode ON; LaTeX internals redefined
Package hyperref Info: Bookmarks ON on input line 3874.
(/usr/local/texlive/2010/texmf-dist/tex/latex/url/url.sty
\Urlmuskip=\muskip11
Package: url 2006/04/12  ver 3.3  Verb mode for urls, etc.
)
LaTeX Info: Redefining \url on input line 4159.

(/usr/local/texlive/2010/texmf-dist/tex/generic/oberdiek/bitset.sty
Package: bitset 2007/09/28 v1.0 Data type bit set (HO)

(/usr/local/texlive/2010/texmf-dist/tex/generic/oberdiek/bigintcalc.sty
Package: bigintcalc 2007/11/11 v1.1 Expandable big integer calculations (HO)
))
\Fld@menulength=\count116
\Field@Width=\dimen130
\Fld@charsize=\dimen131
\Field@toks=\toks29
Package hyperref Info: Hyper figures OFF on input line 5137.
Package hyperref Info: Link nesting OFF on input line 5142.
Package hyperref Info: Hyper index ON on input line 5145.
Package hyperref Info: backreferencing OFF on input line 5152.
Package hyperref Info: Link coloring ON on input line 5155.
Package hyperref Info: Link coloring with OCG OFF on input line 5162.
Package hyperref Info: PDF/A mode OFF on input line 5167.
LaTeX Info: Redefining \ref on input line 5207.
LaTeX Info: Redefining \pageref on input line 5211.

(/usr/local/texlive/2010/texmf-dist/tex/generic/oberdiek/atbegshi.sty
Package: atbegshi 2010/03/25 v1.12 At begin shipout hook (HO)
)
\Hy@abspage=\count117
\c@Item=\count118
\c@Hfootnote=\count119
)
* hyperref using default driver hpdftex *
(/usr/local/texlive/2010/texmf-dist/tex/latex/hyperref/hpdftex.def
File: hpdftex.def 2010/06/18 v6.81g Hyperref driver for pdfTeX

(/usr/local/texlive/2010/texmf-dist/tex/latex/oberdiek/atveryend.sty
Package: atveryend 2010/03/24 v1.5 Hooks at very end of document (HO)
Package atveryend Info: \enddocument detected (standard).
)
\Fld@listcount=\count120
\c@bookmark@seq@number=\count121

(/usr/local/texlive/2010/texmf-dist/tex/latex/oberdiek/rerunfilecheck.sty
Package: rerunfilecheck 2010/03/16 v1.6 Rerun checks for auxiliary files (HO)

(/usr/local/texlive/2010/texmf-dist/tex/generic/oberdiek/uniquecounter.sty
Package: uniquecounter 2009/12/18 v1.1 Provides unlimited unique counter (HO)
)
Package uniquecounter Info: New unique counter `rerunfilecheck' on input line 2
71.
)
\Hy@SectionHShift=\skip65
)
(/usr/local/texlive/2010/texmf-dist/tex/latex/underscore/underscore.sty
Package: underscore 2006/09/13
LaTeX Info: Redefining \_ on input line 42.
)
(/usr/local/texlive/2010/texmf-dist/tex/latex/graphics/graphicx.sty
Package: graphicx 1999/02/16 v1.0f Enhanced LaTeX Graphics (DPC,SPQR)

(/usr/local/texlive/2010/texmf-dist/tex/latex/graphics/graphics.sty
Package: graphics 2009/02/05 v1.0o Standard LaTeX Graphics (DPC,SPQR)

(/usr/local/texlive/2010/texmf-dist/tex/latex/graphics/trig.sty
Package: trig 1999/03/16 v1.09 sin cos tan (DPC)
)
(/usr/local/texlive/2010/texmf-dist/tex/latex/latexconfig/graphics.cfg
File: graphics.cfg 2010/04/23 v1.9 graphics configuration of TeX Live
)
Package graphics Info: Driver file: pdftex.def on input line 91.

(/usr/local/texlive/2010/texmf-dist/tex/latex/pdftex-def/pdftex.def
File: pdftex.def 2010/02/14 v0.04n Graphics/color for pdfTeX
\Gread@gobject=\count122
))
\Gin@req@height=\dimen132
\Gin@req@width=\dimen133
)
(/usr/local/texlive/2010/texmf-dist/tex/latex/pgf/frontendlayer/tikz.sty
(/usr/local/texlive/2010/texmf-dist/tex/latex/pgf/basiclayer/pgf.sty
(/usr/local/texlive/2010/texmf-dist/tex/latex/pgf/utilities/pgfrcs.sty
(/usr/local/texlive/2010/texmf-dist/tex/generic/pgf/utilities/pgfutil-common.te
x
\pgfutil@everybye=\toks30
)
(/usr/local/texlive/2010/texmf-dist/tex/generic/pgf/utilities/pgfutil-latex.def
) (/usr/local/texlive/2010/texmf-dist/tex/generic/pgf/utilities/pgfrcs.code.tex
Package: pgfrcs 2008/02/20 v2.00 (rcs-revision 1.21)
))
Package: pgf 2008/01/15 v2.00 (rcs-revision 1.12)
 (/usr/local/texlive/2010/texmf-dist/tex/latex/pgf/basiclayer/pgfcore.sty
(/usr/local/texlive/2010/texmf-dist/tex/latex/pgf/systemlayer/pgfsys.sty
(/usr/local/texlive/2010/texmf-dist/tex/generic/pgf/systemlayer/pgfsys.code.tex
Package: pgfsys 2008/02/07 v2.00 (rcs-revision 1.31)
(/usr/local/texlive/2010/texmf-dist/tex/generic/pgf/utilities/pgfkeys.code.tex
\pgfkeys@pathtoks=\toks31
\pgfkeys@temptoks=\toks32
)
\pgf@x=\dimen134
\pgf@y=\dimen135
\pgf@xa=\dimen136
\pgf@ya=\dimen137
\pgf@xb=\dimen138
\pgf@yb=\dimen139
\pgf@xc=\dimen140
\pgf@yc=\dimen141
\c@pgf@counta=\count123
\c@pgf@countb=\count124
\c@pgf@countc=\count125
\c@pgf@countd=\count126
(/usr/local/texlive/2010/texmf-dist/tex/generic/pgf/systemlayer/pgf.cfg
File: pgf.cfg 2008/01/13  (rcs-revision 1.6)
)
Package pgfsys Info: Driver file for pgf: pgfsys-pdftex.def on input line 885.

(/usr/local/texlive/2010/texmf-dist/tex/generic/pgf/systemlayer/pgfsys-pdftex.d
ef
File: pgfsys-pdftex.def 2007/12/20  (rcs-revision 1.20)

(/usr/local/texlive/2010/texmf-dist/tex/generic/pgf/systemlayer/pgfsys-common-p
df.def
File: pgfsys-common-pdf.def 2007/12/17  (rcs-revision 1.8)
)))
(/usr/local/texlive/2010/texmf-dist/tex/generic/pgf/systemlayer/pgfsyssoftpath.
code.tex
File: pgfsyssoftpath.code.tex 2008/01/23  (rcs-revision 1.6)
\pgfsyssoftpath@smallbuffer@items=\count127
\pgfsyssoftpath@bigbuffer@items=\count128
)
(/usr/local/texlive/2010/texmf-dist/tex/generic/pgf/systemlayer/pgfsysprotocol.
code.tex
File: pgfsysprotocol.code.tex 2006/10/16  (rcs-revision 1.4)
)) (/usr/local/texlive/2010/texmf-dist/tex/latex/xcolor/xcolor.sty
Package: xcolor 2007/01/21 v2.11 LaTeX color extensions (UK)

(/usr/local/texlive/2010/texmf-dist/tex/latex/latexconfig/color.cfg
File: color.cfg 2007/01/18 v1.5 color configuration of teTeX/TeXLive
)
Package xcolor Info: Driver file: pdftex.def on input line 225.
Package xcolor Info: Model `cmy' substituted by `cmy0' on input line 1337.
Package xcolor Info: Model `hsb' substituted by `rgb' on input line 1341.
Package xcolor Info: Model `RGB' extended on input line 1353.
Package xcolor Info: Model `HTML' substituted by `rgb' on input line 1355.
Package xcolor Info: Model `Hsb' substituted by `hsb' on input line 1356.
Package xcolor Info: Model `tHsb' substituted by `hsb' on input line 1357.
Package xcolor Info: Model `HSB' substituted by `hsb' on input line 1358.
Package xcolor Info: Model `Gray' substituted by `gray' on input line 1359.
Package xcolor Info: Model `wave' substituted by `hsb' on input line 1360.
)
(/usr/local/texlive/2010/texmf-dist/tex/generic/pgf/basiclayer/pgfcore.code.tex
Package: pgfcore 2008/01/15 v2.00 (rcs-revision 1.6)
(/usr/local/texlive/2010/texmf-dist/tex/generic/pgf/math/pgfmath.code.tex
(/usr/local/texlive/2010/texmf-dist/tex/generic/pgf/math/pgfmathcalc.code.tex
(/usr/local/texlive/2010/texmf-dist/tex/generic/pgf/math/pgfmathutil.code.tex
\pgfmath@box=\box32
)
(/usr/local/texlive/2010/texmf-dist/tex/generic/pgf/math/pgfmathparser.code.tex
\pgfmath@stack=\toks33
\c@pgfmath@parsecounta=\count129
\c@pgfmath@parsecountb=\count130
\c@pgfmath@parsecountc=\count131
\pgfmath@parsex=\dimen142
)
(/usr/local/texlive/2010/texmf-dist/tex/generic/pgf/math/pgfmathoperations.code
.tex
(/usr/local/texlive/2010/texmf-dist/tex/generic/pgf/math/pgfmathtrig.code.tex)
(/usr/local/texlive/2010/texmf-dist/tex/generic/pgf/math/pgfmathrnd.code.tex))
(/usr/local/texlive/2010/texmf-dist/tex/generic/pgf/math/pgfmathbase.code.tex))
)
(/usr/local/texlive/2010/texmf-dist/tex/generic/pgf/basiclayer/pgfcorepoints.co
de.tex
File: pgfcorepoints.code.tex 2008/02/03  (rcs-revision 1.13)
\pgf@picminx=\dimen143
\pgf@picmaxx=\dimen144
\pgf@picminy=\dimen145
\pgf@picmaxy=\dimen146
\pgf@pathminx=\dimen147
\pgf@pathmaxx=\dimen148
\pgf@pathminy=\dimen149
\pgf@pathmaxy=\dimen150
\pgf@xx=\dimen151
\pgf@xy=\dimen152
\pgf@yx=\dimen153
\pgf@yy=\dimen154
\pgf@zx=\dimen155
\pgf@zy=\dimen156
)
(/usr/local/texlive/2010/texmf-dist/tex/generic/pgf/basiclayer/pgfcorepathconst
ruct.code.tex
File: pgfcorepathconstruct.code.tex 2008/02/13  (rcs-revision 1.14)
\pgf@path@lastx=\dimen157
\pgf@path@lasty=\dimen158
)
(/usr/local/texlive/2010/texmf-dist/tex/generic/pgf/basiclayer/pgfcorepathusage
.code.tex
File: pgfcorepathusage.code.tex 2008/01/23  (rcs-revision 1.11)
\pgf@shorten@end@additional=\dimen159
\pgf@shorten@start@additional=\dimen160
)
(/usr/local/texlive/2010/texmf-dist/tex/generic/pgf/basiclayer/pgfcorescopes.co
de.tex
File: pgfcorescopes.code.tex 2008/01/15  (rcs-revision 1.26)
\pgfpic=\box33
\pgf@hbox=\box34
\pgf@layerbox@main=\box35
\pgf@picture@serial@count=\count132
)
(/usr/local/texlive/2010/texmf-dist/tex/generic/pgf/basiclayer/pgfcoregraphicst
ate.code.tex
File: pgfcoregraphicstate.code.tex 2007/12/12  (rcs-revision 1.8)
\pgflinewidth=\dimen161
)
(/usr/local/texlive/2010/texmf-dist/tex/generic/pgf/basiclayer/pgfcoretransform
ations.code.tex
File: pgfcoretransformations.code.tex 2008/02/04  (rcs-revision 1.10)
\pgf@pt@x=\dimen162
\pgf@pt@y=\dimen163
\pgf@pt@temp=\dimen164
)
(/usr/local/texlive/2010/texmf-dist/tex/generic/pgf/basiclayer/pgfcorequick.cod
e.tex
File: pgfcorequick.code.tex 2006/10/11  (rcs-revision 1.2)
)
(/usr/local/texlive/2010/texmf-dist/tex/generic/pgf/basiclayer/pgfcoreobjects.c
ode.tex
File: pgfcoreobjects.code.tex 2006/10/11  (rcs-revision 1.2)
)
(/usr/local/texlive/2010/texmf-dist/tex/generic/pgf/basiclayer/pgfcorepathproce
ssing.code.tex
File: pgfcorepathprocessing.code.tex 2008/01/23  (rcs-revision 1.7)
)
(/usr/local/texlive/2010/texmf-dist/tex/generic/pgf/basiclayer/pgfcorearrows.co
de.tex
File: pgfcorearrows.code.tex 2007/06/07  (rcs-revision 1.8)
)
(/usr/local/texlive/2010/texmf-dist/tex/generic/pgf/basiclayer/pgfcoreshade.cod
e.tex
File: pgfcoreshade.code.tex 2007/12/10  (rcs-revision 1.9)
\pgf@max=\dimen165
\pgf@sys@shading@range@num=\count133
)
(/usr/local/texlive/2010/texmf-dist/tex/generic/pgf/basiclayer/pgfcoreimage.cod
e.tex
File: pgfcoreimage.code.tex 2008/01/15  (rcs-revision 1.1)
\pgfexternal@startupbox=\box36
)
(/usr/local/texlive/2010/texmf-dist/tex/generic/pgf/basiclayer/pgfcorelayers.co
de.tex
File: pgfcorelayers.code.tex 2008/01/15  (rcs-revision 1.1)
)
(/usr/local/texlive/2010/texmf-dist/tex/generic/pgf/basiclayer/pgfcoretranspare
ncy.code.tex
File: pgfcoretransparency.code.tex 2008/01/17  (rcs-revision 1.2)
)
(/usr/local/texlive/2010/texmf-dist/tex/generic/pgf/basiclayer/pgfcorepatterns.
code.tex
File: pgfcorepatterns.code.tex 2008/01/15  (rcs-revision 1.1)
)))
(/usr/local/texlive/2010/texmf-dist/tex/generic/pgf/modules/pgfmoduleshapes.cod
e.tex
File: pgfmoduleshapes.code.tex 2008/02/13  (rcs-revision 1.4)
\pgfnodeparttextbox=\box37
\toks@savedmacro=\toks34
)
(/usr/local/texlive/2010/texmf-dist/tex/generic/pgf/modules/pgfmoduleplot.code.
tex
File: pgfmoduleplot.code.tex 2008/01/15  (rcs-revision 1.1)
\pgf@plotwrite=\write3
)
(/usr/local/texlive/2010/texmf-dist/tex/latex/pgf/compatibility/pgfcomp-version
-0-65.sty
Package: pgfcomp-version-0-65 2007/07/03 v2.00 (rcs-revision 1.7)
\pgf@nodesepstart=\dimen166
\pgf@nodesepend=\dimen167
)
(/usr/local/texlive/2010/texmf-dist/tex/latex/pgf/compatibility/pgfcomp-version
-1-18.sty
Package: pgfcomp-version-1-18 2007/07/23 v2.00 (rcs-revision 1.1)
))
(/usr/local/texlive/2010/texmf-dist/tex/latex/pgf/utilities/pgffor.sty
(/usr/local/texlive/2010/texmf-dist/tex/generic/pgf/utilities/pgffor.code.tex
Package: pgffor 2007/11/07 v2.00 (rcs-revision 1.8)
\pgffor@iter=\dimen168
\pgffor@skip=\dimen169
))
(/usr/local/texlive/2010/texmf-dist/tex/generic/pgf/frontendlayer/tikz/tikz.cod
e.tex
Package: tikz 2008/02/13 v2.00 (rcs-revision 1.27)

(/usr/local/texlive/2010/texmf-dist/tex/generic/pgf/libraries/pgflibraryplothan
dlers.code.tex
File: pgflibraryplothandlers.code.tex 2007/03/09 v2.00 (rcs-revision 1.9)
\pgf@plot@mark@count=\count134
\pgfplotmarksize=\dimen170
)
\tikz@lastx=\dimen171
\tikz@lasty=\dimen172
\tikz@lastxsaved=\dimen173
\tikz@lastysaved=\dimen174
\tikzleveldistance=\dimen175
\tikzsiblingdistance=\dimen176
\tikz@figbox=\box38
\tikz@tempbox=\box39
\tikztreelevel=\count135
\tikznumberofchildren=\count136
\tikznumberofcurrentchild=\count137
\tikz@fig@count=\count138

(/usr/local/texlive/2010/texmf-dist/tex/generic/pgf/modules/pgfmodulematrix.cod
e.tex
File: pgfmodulematrix.code.tex 2008/01/15  (rcs-revision 1.1)
\pgfmatrixcurrentrow=\count139
\pgfmatrixcurrentcolumn=\count140
\pgf@matrix@numberofcolumns=\count141
)
\tikz@expandcount=\count142

(/usr/local/texlive/2010/texmf-dist/tex/generic/pgf/frontendlayer/tikz/librarie
s/tikzlibrarytopaths.code.tex
File: tikzlibrarytopaths.code.tex 2008/01/09 v2.00 (rcs-revision 1.1)
)))
(/usr/local/texlive/2010/texmf-dist/tex/generic/pgf/frontendlayer/tikz/librarie
s/tikzlibraryarrows.code.tex
File: tikzlibraryarrows.code.tex 2008/01/09 v2.00 (rcs-revision 1.1)

(/usr/local/texlive/2010/texmf-dist/tex/generic/pgf/libraries/pgflibraryarrows.
code.tex
File: pgflibraryarrows.code.tex 2007/06/07 v2.00 (rcs-revision 1.7)
))
(/usr/local/texlive/2010/texmf-dist/tex/generic/pgf/frontendlayer/tikz/librarie
s/tikzlibrarypositioning.code.tex
File: tikzlibrarypositioning.code.tex 2008/02/12 v2.00 (rcs-revision 1.5)
)
(/usr/local/texlive/2010/texmf-dist/tex/generic/pgf/frontendlayer/tikz/librarie
s/tikzlibraryshadows.code.tex
File: tikzlibraryshadows.code.tex 2008/01/13 v2.00 (rcs-revision 1.3)

(/usr/local/texlive/2010/texmf-dist/tex/generic/pgf/frontendlayer/tikz/librarie
s/tikzlibraryfadings.code.tex
File: tikzlibraryfadings.code.tex 2008/01/09 v2.00 (rcs-revision 1.1)

(/usr/local/texlive/2010/texmf-dist/tex/generic/pgf/libraries/pgflibraryfadings
.code.tex
File: pgflibraryfadings.code.tex 2008/02/07 v2.00 (rcs-revision 1.3)
)))
(/usr/local/texlive/2010/texmf-dist/tex/latex/listings/listings.sty
\lst@mode=\count143
\lst@gtempboxa=\box40
\lst@token=\toks35
\lst@length=\count144
\lst@currlwidth=\dimen177
\lst@column=\count145
\lst@pos=\count146
\lst@lostspace=\dimen178
\lst@width=\dimen179
\lst@newlines=\count147
\lst@lineno=\count148
\lst@maxwidth=\dimen180

(/usr/local/texlive/2010/texmf-dist/tex/latex/listings/lstmisc.sty
File: lstmisc.sty 2007/02/22 1.4 (Carsten Heinz)
\c@lstnumber=\count149
\lst@skipnumbers=\count150
\lst@framebox=\box41
)
(/usr/local/texlive/2010/texmf-dist/tex/latex/listings/listings.cfg
File: listings.cfg 2007/02/22 1.4 listings configuration
))
Package: listings 2007/02/22 1.4 (Carsten Heinz)
)
(/usr/local/texlive/2010/texmf-dist/tex/latex/tools/enumerate.sty
Package: enumerate 1999/03/05 v3.00 enumerate extensions (DPC)
\@enLab=\toks36
) (./rpz.aux
(./12-intro.aux) (./20-analysis.aux) (./30-design.aux

LaTeX Warning: Label `fig:fig1' multiply defined.


LaTeX Warning: Label `fig:fig2' multiply defined.


LaTeX Warning: Label `fig:fig6' multiply defined.


LaTeX Warning: Label `F:F1' multiply defined.


LaTeX Warning: Label `fig:fig4' multiply defined.


LaTeX Warning: Label `fig:fig5' multiply defined.

) (./40-impl.aux

LaTeX Warning: Label `fig:fig2' multiply defined.

) (./81-biblio.aux))
\openout1 = `rpz.aux'.

LaTeX Font Info:    Checking defaults for OML/cmm/m/it on input line 7.
LaTeX Font Info:    ... okay on input line 7.
LaTeX Font Info:    Checking defaults for T1/cmr/m/n on input line 7.
LaTeX Font Info:    ... okay on input line 7.
LaTeX Font Info:    Checking defaults for OT1/cmr/m/n on input line 7.
LaTeX Font Info:    ... okay on input line 7.
LaTeX Font Info:    Checking defaults for OMS/cmsy/m/n on input line 7.
LaTeX Font Info:    ... okay on input line 7.
LaTeX Font Info:    Checking defaults for OMX/cmex/m/n on input line 7.
LaTeX Font Info:    ... okay on input line 7.
LaTeX Font Info:    Checking defaults for U/cmr/m/n on input line 7.
LaTeX Font Info:    ... okay on input line 7.
LaTeX Font Info:    Checking defaults for T2A/cmr/m/n on input line 7.
LaTeX Font Info:    ... okay on input line 7.
LaTeX Font Info:    Checking defaults for PD1/pdf/m/n on input line 7.
LaTeX Font Info:    ... okay on input line 7.
LaTeX Font Info:    Checking defaults for PU/pdf/m/n on input line 7.
LaTeX Font Info:    ... okay on input line 7.

(/usr/local/texlive/2010/texmf-dist/tex/latex/ucs/ucsencs.def
File: ucsencs.def 2003/11/29 Fixes to fontencodings LGR, T3
)
Package caption Info: Begin \AtBeginDocument code.
Package caption Info: hyperref package is loaded.
Package caption Info: listings package is loaded.
Package caption Info: longtable package is loaded.

(/usr/local/texlive/2010/texmf-dist/tex/latex/caption/ltcaption.sty
Package: ltcaption 2008/03/28 v1.2 longtable captions (AR)
)
Package caption Info: End \AtBeginDocument code.

*geometry* driver: auto-detecting
*geometry* detected driver: pdftex
*geometry* verbose mode - [ preamble ] result:
* driver: pdftex
* paper: <default>
* layout: <same size as paper>
* layoutoffset:(h,v)=(0.0pt,0.0pt)
* modes: 
* h-part:(L,W,R)=(85.35826pt, 455.24411pt, 56.9055pt)
* v-part:(T,H,B)=(56.9055pt, 731.23584pt, 56.9055pt)
* \paperwidth=597.50787pt
* \paperheight=845.04684pt
* \textwidth=455.24411pt
* \textheight=731.23584pt
* \oddsidemargin=13.08827pt
* \evensidemargin=13.08827pt
* \topmargin=-27.36449pt
* \headheight=12.0pt
* \headsep=0.0pt
* \topskip=12.0pt
* \footskip=30.0pt
* \marginparwidth=35.0pt
* \marginparsep=10.0pt
* \columnsep=10.0pt
* \skip\footins=10.8pt plus 4.0pt minus 2.0pt
* \hoffset=0.0pt
* \voffset=0.0pt
* \mag=1000
* \@twocolumnfalse
* \@twosidefalse
* \@mparswitchfalse
* \@reversemarginfalse
* (1in=72.27pt=25.4mm, 1cm=28.453pt)

\AtBeginShipoutBox=\box42
Package hyperref Info: Link coloring ON on input line 7.
(/usr/local/texlive/2010/texmf-dist/tex/latex/hyperref/nameref.sty
Package: nameref 2010/04/30 v2.40 Cross-referencing by name of section

(/usr/local/texlive/2010/texmf-dist/tex/latex/oberdiek/refcount.sty
Package: refcount 2008/08/11 v3.1 Data extraction from references (HO)
)
(/usr/local/texlive/2010/texmf-dist/tex/generic/oberdiek/gettitlestring.sty
Package: gettitlestring 2009/12/18 v1.3 Cleanup title references (HO)
)
\c@section@level=\count151
)
LaTeX Info: Redefining \ref on input line 7.
LaTeX Info: Redefining \pageref on input line 7.
LaTeX Info: Redefining \nameref on input line 7.

(./rpz.out) (./rpz.out)
\@outlinefile=\write4
\openout4 = `rpz.out'.


(/usr/local/texlive/2010/texmf-dist/tex/context/base/supp-pdf.mkii
[Loading MPS to PDF converter (version 2006.09.02).]
\scratchcounter=\count152
\scratchdimen=\dimen181
\scratchbox=\box43
\nofMPsegments=\count153
\nofMParguments=\count154
\everyMPshowfont=\toks37
\MPscratchCnt=\count155
\MPscratchDim=\dimen182
\MPnumerator=\count156
\everyMPtoPDFconversion=\toks38
) (/usr/local/texlive/2010/texmf-dist/tex/latex/oberdiek/epstopdf-base.sty
Package: epstopdf-base 2010/02/09 v2.5 Base part for package epstopdf

(/usr/local/texlive/2010/texmf-dist/tex/latex/oberdiek/grfext.sty
Package: grfext 2007/09/30 v1.0 Managing graphics extensions (HO)
)
Package grfext Info: Graphics extension search list:
(grfext)             [.png,.pdf,.jpg,.mps,.jpeg,.jbig2,.jb2,.PNG,.PDF,.JPG,.JPE
G,.JBIG2,.JB2,.eps]
(grfext)             \AppendGraphicsExtensions on input line 436.

(/usr/local/texlive/2010/texmf-dist/tex/latex/latexconfig/epstopdf-sys.cfg
File: epstopdf-sys.cfg 2010/07/13 v1.3 Configuration of (r)epstopdf for TeX Liv
e
))
\c@lstlisting=\count157

(./rpz.toc<<ot1.cmap>><<oml.cmap>><<oms.cmap>><<omx.cmap>>
LaTeX Font Info:    Try loading font information for U+msa on input line 2.

(/usr/local/texlive/2010/texmf-dist/tex/latex/amsfonts/umsa.fd
File: umsa.fd 2009/06/22 v3.00 AMS symbols A
)
LaTeX Font Info:    Try loading font information for U+msb on input line 2.

(/usr/local/texlive/2010/texmf-dist/tex/latex/amsfonts/umsb.fd
File: umsb.fd 2009/06/22 v3.00 AMS symbols B
)
LaTeX Font Info:    Try loading font information for OML+cmr on input line 2.

(/usr/local/texlive/2010/texmf-dist/tex/latex/base/omlcmr.fd
File: omlcmr.fd 1999/05/25 v2.5h Standard LaTeX font definitions
)
LaTeX Font Info:    Font shape `OML/cmr/m/n' in size <12> not available
(Font)              Font shape `OML/cmm/m/it' tried instead on input line 2.
LaTeX Font Info:    Font shape `OML/cmr/m/n' in size <8> not available
(Font)              Font shape `OML/cmm/m/it' tried instead on input line 2.
LaTeX Font Info:    Font shape `OML/cmr/m/n' in size <6> not available
(Font)              Font shape `OML/cmm/m/it' tried instead on input line 2.
LaTeX Font Info:    Try loading font information for OMS+cmr on input line 2.

(/usr/local/texlive/2010/texmf-dist/tex/latex/base/omscmr.fd
File: omscmr.fd 1999/05/25 v2.5h Standard LaTeX font definitions
)
LaTeX Font Info:    Font shape `OMS/cmr/m/n' in size <12> not available
(Font)              Font shape `OMS/cmsy/m/n' tried instead on input line 2.
LaTeX Font Info:    Font shape `OMS/cmr/m/n' in size <8> not available
(Font)              Font shape `OMS/cmsy/m/n' tried instead on input line 2.
LaTeX Font Info:    Font shape `OMS/cmr/m/n' in size <6> not available
(Font)              Font shape `OMS/cmsy/m/n' tried instead on input line 2.
LaTeX Font Info:    Try loading font information for PD1+cmr on input line 2.
LaTeX Font Info:    No file PD1cmr.fd. on input line 2.


LaTeX Font Warning: Font shape `PD1/cmr/m/n' undefined
(Font)              using `PD1/pdf/m/n' instead on input line 2.

LaTeX Font Info:    Try loading font information for PU+cmr on input line 2.
LaTeX Font Info:    No file PUcmr.fd. on input line 2.

LaTeX Font Warning: Font shape `PU/cmr/m/n' undefined
(Font)              using `PU/pdf/m/n' instead on input line 2.

[1



\FN@pp@footnotehinttrue 


{/usr/local/texlive/2010/texmf-var/fonts/map/pdftex/updmap/pdftex.map}])
\tf@toc=\write5
\openout5 = `rpz.toc'.


[2]
\openout2 = `12-intro.aux'.

 (./12-intro.tex
(/usr/local/texlive/2010/texmf-dist/tex/latex/ucs/data/uni-4.def
File: uni-4.def 2004/10/17 UCS: Unicode data U+0400..U+04FF
)
(/usr/local/texlive/2010/texmf-dist/tex/latex/ucs/data/uni-3.def
File: uni-3.def 2004/10/17 UCS: Unicode data U+0300..U+03FF
)

! Package ucs Error: Please activate option 'combine'.

See the ucs package documentation for explanation.
Type  H <return>  for immediate help.
 ...                                              
                                                  
l.11 ...ª–∏—á–∏–µ –æ—Ç –ø—Ä–æ—Å—Ç—ã—Ö —Å–µ—Ç–µ–∏ÃÜ
                                                   –ü–µ—Ç—Ä–∏, –≤ —Ä–∞—Å–∫—Ä...

Composed characters can only be rendered correctly, when the option 'combine' i
s activated

[3


]) [4]
\openout2 = `20-analysis.aux'.

 (./20-analysis.tex
(/usr/local/texlive/2010/texmf-dist/tex/latex/ucs/data/uni-32.def
File: uni-32.def 2004/10/17 UCS: Unicode data U+2000..U+20FF
)

! Package ucs Error: Please activate option 'combine'.

See the ucs package documentation for explanation.
Type  H <return>  for immediate help.
 ...                                              
                                                  
l.16 ...–∏—Å–ø–æ–ª—å–∑—É–µ—Ç —è–∑—ã–∫ —Å–µ—Ç–µ–∏ÃÜ
                                                   –ü–µ—Ç—Ä–∏ –¥–ª—è –æ–ø–∏—...

Composed characters can only be rendered correctly, when the option 'combine' i
s activated


! Package ucs Error: Please activate option 'combine'.

See the ucs package documentation for explanation.
Type  H <return>  for immediate help.
 ...                                              
                                                  
l.16 ...∏ –¥–ª—è –æ–ø–∏—Å–∞–Ω–∏—è –º–æ–¥–µ–ª–µ–∏ÃÜ
                                                  . –°–∏—Å—Ç–µ–º–∞ –±—ã–ª–∞ ...

Composed characters can only be rendered correctly, when the option 'combine' i
s activated


! Package ucs Error: Please activate option 'combine'.

See the ucs package documentation for explanation.
Type  H <return>  for immediate help.
 ...                                              
                                                  
l.16 ...º–µ—Ä—á–µ—Å–∫–∏—Ö –æ—Ä–≥–∞–Ω–∏–∑–∞—Ü–∏–∏ÃÜ
                                                   (http://cpntools.org/). C...

Composed characters can only be rendered correctly, when the option 'combine' i
s activated


! Package ucs Error: Please activate option 'combine'.

See the ucs package documentation for explanation.
Type  H <return>  for immediate help.
 ...                                              
                                                  
l.16 ...–µ–¥–ª–∞–≥–∞–µ—Ç –æ—á–µ–Ω—å –º–æ—â–Ω—ã–∏ÃÜ
                                                   –∫–ª–∞—Å—Å —Å–µ—Ç–µ–∏ÃÜ –...

Composed characters can only be rendered correctly, when the option 'combine' i
s activated


! Package ucs Error: Please activate option 'combine'.

See the ucs package documentation for explanation.
Type  H <return>  for immediate help.
 ...                                              
                                                  
l.16 ...Ω—å –º–æ—â–Ω—ã–∏ÃÜ –∫–ª–∞—Å—Å —Å–µ—Ç–µ–∏ÃÜ
                                                   –ü–µ—Ç—Ä–∏ –¥–ª—è –æ–ø–∏—...

Composed characters can only be rendered correctly, when the option 'combine' i
s activated


! Package ucs Error: Please activate option 'combine'.

See the ucs package documentation for explanation.
Type  H <return>  for immediate help.
 ...                                              
                                                  
l.16 ...∏ –¥–ª—è –æ–ø–∏—Å–∞–Ω–∏—è –º–æ–¥–µ–ª–µ–∏ÃÜ
                                                  . –°–æ–≥–ª–∞—Å–Ω–æ —Å—Ç–∞–...

Composed characters can only be rendered correctly, when the option 'combine' i
s activated


! Package ucs Error: Please activate option 'combine'.

See the ucs package documentation for explanation.
Type  H <return>  for immediate help.
 ...                                              
                                                  
l.16 ... –°–æ–≥–ª–∞—Å–Ω–æ —Å—Ç–∞–Ω–¥–∞—Ä—Ç–Ω–æ–∏ÃÜ
                                                   –∫–ª–∞—Å—Å–∏—Ñ–∏–∫–∞—Ü–∏–...

Composed characters can only be rendered correctly, when the option 'combine' i
s activated


! Package ucs Error: Please activate option 'combine'.

See the ucs package documentation for explanation.
Type  H <return>  for immediate help.
 ...                                              
                                                  
l.16 ...–æ–±—Ä–∞–∑–æ–º, –ø—Ä–æ–∏–∑–≤–æ–ª—å–Ω—ã–∏ÃÜ
                                                   –æ–±—ä–µ–∫—Ç –º–æ–∂–µ—Ç –...

Composed characters can only be rendered correctly, when the option 'combine' i
s activated


! Package ucs Error: Please activate option 'combine'.

See the ucs package documentation for explanation.
Type  H <return>  for immediate help.
 ...                                              
                                                  
l.16 ...â—å—é —ç—Ç–æ–≥–æ –∫–ª–∞—Å—Å–∞ —Å–µ—Ç–µ–∏ÃÜ
                                                  .
Composed characters can only be rendered correctly, when the option 'combine' i
s activated


! Package ucs Error: Please activate option 'combine'.

See the ucs package documentation for explanation.
Type  H <return>  for immediate help.
 ...                                              
                                                  
l.18 –ü—Ä–æ—Å—Ç–µ–∏ÃÜ
                     —à–∞—è –∫–æ–Ω—Ü–µ–ø—Ü–∏—è —Ä–∞—Å–∫—Ä–∞—à–µ–Ω–Ω–æ–∏ÃÜ —Å...

Composed characters can only be rendered correctly, when the option 'combine' i
s activated


! Package ucs Error: Please activate option 'combine'.

See the ucs package documentation for explanation.
Type  H <return>  for immediate help.
 ...                                              
                                                  
l.18 ...æ–Ω—Ü–µ–ø—Ü–∏—è —Ä–∞—Å–∫—Ä–∞—à–µ–Ω–Ω–æ–∏ÃÜ
                                                   —Å–µ—Ç–∏ –ü–µ—Ç—Ä–∏ –∏—Å–...

Composed characters can only be rendered correctly, when the option 'combine' i
s activated


! Package ucs Error: Please activate option 'combine'.

See the ucs package documentation for explanation.
Type  H <return>  for immediate help.
 ...                                              
                                                  
l.18 ...æ–Ω—Ü–µ–ø—Ü–∏—è —Ä–∞—Å–∫—Ä–∞—à–µ–Ω–Ω–æ–∏ÃÜ
                                                   —Å–µ—Ç–∏ –ü–µ—Ç—Ä–∏ CPN T...

Composed characters can only be rendered correctly, when the option 'combine' i
s activated

(/usr/local/texlive/2010/texmf-dist/tex/latex/ucs/data/uni-0.def
File: uni-0.def 2004/10/17 UCS: Unicode data U+0000..U+00FF
) [5



]

! Package ucs Error: Please activate option 'combine'.

See the ucs package documentation for explanation.
Type  H <return>  for immediate help.
 ...                                              
                                                  
l.20 ...ø—Ä–æ–¥–æ–ª–∂–∏—Ç–µ–ª—å–Ω–æ—Å—Ç–∏ –¥–µ–∏ÃÜ
                                                  —Å—Ç–≤–∏–∏ÃÜ –≤ —Ä–µ–∞–ª—å...

Composed characters can only be rendered correctly, when the option 'combine' i
s activated


! Package ucs Error: Please activate option 'combine'.

See the ucs package documentation for explanation.
Type  H <return>  for immediate help.
 ...                                              
                                                  
l.20 ...∂–∏—Ç–µ–ª—å–Ω–æ—Å—Ç–∏ –¥–µ–∏ÃÜ—Å—Ç–≤–∏–∏ÃÜ
                                                   –≤ —Ä–µ–∞–ª—å–Ω—ã—Ö –æ–±—...

Composed characters can only be rendered correctly, when the option 'combine' i
s activated


! Package ucs Error: Please activate option 'combine'.

See the ucs package documentation for explanation.
Type  H <return>  for immediate help.
 ...                                              
                                                  
l.20 ...–æ—Ç –∫–ª–∞—Å—Å–∏—á–µ—Å–∫–∏—Ö —Å–µ—Ç–µ–∏ÃÜ
                                                   –ü–µ—Ç—Ä–∏, –≥–¥–µ —Å—Ä–∞...

Composed characters can only be rendered correctly, when the option 'combine' i
s activated


! Package ucs Error: Please activate option 'combine'.

See the ucs package documentation for explanation.
Type  H <return>  for immediate help.
 ...                                              
                                                  
l.20 ...–ø–µ—Ä–µ—Ö–æ–¥–∞ –≤–æ –≤—Ä–µ–º–µ–Ω–Ω–æ–∏ÃÜ
                                                   —Å–µ—Ç–∏ —Å–≤—è–∑–∞–Ω–æ —...

Composed characters can only be rendered correctly, when the option 'combine' i
s activated


! Package ucs Error: Please activate option 'combine'.

See the ucs package documentation for explanation.
Type  H <return>  for immediate help.
 ...                                              
                                                  
l.20 ...–≤—è–∑–∞–Ω–æ —Å –æ–ø—Ä–µ–¥–µ–ª–µ–Ω–Ω–æ–∏ÃÜ
                                                   –ø—Ä–æ–¥–æ–ª–∂–∏—Ç–µ–ª—å–...

Composed characters can only be rendered correctly, when the option 'combine' i
s activated


! Package ucs Error: Please activate option 'combine'.

See the ucs package documentation for explanation.
Type  H <return>  for immediate help.
 ...                                              
                                                  
l.20 ...—å–Ω–æ—Å—Ç—å—é –∏–ª–∏ –≤—Ä–µ–º–µ–Ω–Ω–æ–∏ÃÜ
                                                   –∑–∞–¥–µ—Ä–∂–∫–æ–∏ÃÜ. –≠—...

Composed characters can only be rendered correctly, when the option 'combine' i
s activated


! Package ucs Error: Please activate option 'combine'.

See the ucs package documentation for explanation.
Type  H <return>  for immediate help.
 ...                                              
                                                  
l.20 ... –≤—Ä–µ–º–µ–Ω–Ω–æ–∏ÃÜ –∑–∞–¥–µ—Ä–∂–∫–æ–∏ÃÜ
                                                  . –≠—Ç–æ –ø–æ–∑–≤–æ–ª—è–µ—...

Composed characters can only be rendered correctly, when the option 'combine' i
s activated


! Package ucs Error: Please activate option 'combine'.

See the ucs package documentation for explanation.
Type  H <return>  for immediate help.
 ...                                              
                                                  
l.22 ...–æ–µ–Ω–∏–µ —Å–ª–æ–∂–Ω—ã—Ö –º–æ–¥–µ–ª–µ–∏ÃÜ
                                                  . –í —Ç–∞–∫–∏—Ö —Å–µ—Ç—è—Ö...

Composed characters can only be rendered correctly, when the option 'combine' i
s activated


! Package ucs Error: Please activate option 'combine'.

See the ucs package documentation for explanation.
Type  H <return>  for immediate help.
 ...                                              
                                                  
l.22 ...—Ç—å –ø—Ä–µ–¥—Å—Ç–∞–≤–ª–µ–Ω –¥—Ä—É–≥–æ–∏ÃÜ
                                                   —Å–µ—Ç—å—é. –í CPN Tools ...

Composed characters can only be rendered correctly, when the option 'combine' i
s activated


! Package ucs Error: Please activate option 'combine'.

See the ucs package documentation for explanation.
Type  H <return>  for immediate help.
 ...                                              
                                                  
l.22 ...∞–º–µ—â–µ–Ω –¥–æ–ø–æ–ª–Ω–∏—Ç–µ–ª—å–Ω–æ–∏ÃÜ
                                                   —Å–µ—Ç—å—é. –¢–∞–∫–∏–º –æ...

Composed characters can only be rendered correctly, when the option 'combine' i
s activated


! Package ucs Error: Please activate option 'combine'.

See the ucs package documentation for explanation.
Type  H <return>  for immediate help.
 ...                                              
                                                  
l.22 ...Ç–∏. –ö–æ–ª–∏—á–µ—Å—Ç–≤–æ —É—Ä–æ–≤–Ω–µ–∏ÃÜ
                                                   –∏–µ—Ä–∞—Ä—Ö–∏–∏ –Ω–µ –∏–...

Composed characters can only be rendered correctly, when the option 'combine' i
s activated


! Package ucs Error: Please activate option 'combine'.

See the ucs package documentation for explanation.
Type  H <return>  for immediate help.
 ...                                              
                                                  
l.22 ...∏–ø–∏–∞–ª—å–Ω—ã—Ö –æ–≥—Ä–∞–Ω–∏—á–µ–Ω–∏–∏ÃÜ
                                                  . –û—Ç–º–µ—Ç–∏–º, —á—Ç–æ, ...

Composed characters can only be rendered correctly, when the option 'combine' i
s activated


! Package ucs Error: Please activate option 'combine'.

See the ucs package documentation for explanation.
Type  H <return>  for immediate help.
 ...                                              
                                                  
l.22 ...–∏ÃÜ. –û—Ç–º–µ—Ç–∏–º, —á—Ç–æ, —Ç–∞–∫–æ–∏ÃÜ
                                                   –ø–æ–¥—Ö–æ–¥ —à–∏—Ä–æ–∫–æ...

Composed characters can only be rendered correctly, when the option 'combine' i
s activated


! Package ucs Error: Please activate option 'combine'.

See the ucs package documentation for explanation.
Type  H <return>  for immediate help.
 ...                                              
                                                  
l.24 ...—Ç–æ—á–Ω–æ –ø—Ä–æ—Å—Ç—ã—Ö –º–æ–¥–µ–ª–µ–∏ÃÜ
                                                   –≤–æ–∑–º–æ–∂–Ω–∞ –≥–µ–Ω–µ...

Composed characters can only be rendered correctly, when the option 'combine' i
s activated


! Package ucs Error: Please activate option 'combine'.

See the ucs package documentation for explanation.
Type  H <return>  for immediate help.
 ...                                              
                                                  
l.24 ...Ä–æ—Å—Ç—Ä–∞–Ω—Å—Ç–≤–∞ —Å–æ—Å—Ç–æ—è–Ω–∏–∏ÃÜ
                                                   (–≥—Ä–∞—Ñ–∞ –¥–æ—Å—Ç–∏–∂–...

Composed characters can only be rendered correctly, when the option 'combine' i
s activated


! Package ucs Error: Please activate option 'combine'.

See the ucs package documentation for explanation.
Type  H <return>  for immediate help.
 ...                                              
                                                  
l.24 ...∂–∏–º–æ—Å—Ç–∏). –≠—Ç–æ ~--- –ª—É—á—à–∏–∏ÃÜ
                                                   —Å–ø–æ—Å–æ–± –¥–ª—è –≤–µ—...

Composed characters can only be rendered correctly, when the option 'combine' i
s activated


! Package ucs Error: Please activate option 'combine'.

See the ucs package documentation for explanation.
Type  H <return>  for immediate help.
 ...                                              
                                                  
l.24 ...Ä–æ—Å—Ç—Ä–∞–Ω—Å—Ç–≤–∞ —Å–æ—Å—Ç–æ—è–Ω–∏–∏ÃÜ
                                                   –∏ –∞–≤—Ç–æ–º–∞—Ç–∏—á–µ—Å...

Composed characters can only be rendered correctly, when the option 'combine' i
s activated


! Package ucs Error: Please activate option 'combine'.

See the ucs package documentation for explanation.
Type  H <return>  for immediate help.
 ...                                              
                                                  
l.24 ...≥–µ–Ω–µ—Ä–∞—Ü–∏—é –ø–æ –Ω–µ–º—É –æ—Ç—á–µÃà
                                                  —Ç–∞, –∫–æ—Ç–æ—Ä—ã–∏ÃÜ —Å–...

Composed characters can only be rendered correctly, when the option 'combine' i
s activated


! Package ucs Error: Please activate option 'combine'.

See the ucs package documentation for explanation.
Type  H <return>  for immediate help.
 ...                                              
                                                  
l.24 ... –Ω–µ–º—É –æ—Ç—á–µÃà—Ç–∞, –∫–æ—Ç–æ—Ä—ã–∏ÃÜ
                                                   —Å–æ–¥–µ—Ä–∂–∏—Ç –≤—ã–≤–æ...

Composed characters can only be rendered correctly, when the option 'combine' i
s activated


! Package ucs Error: Please activate option 'combine'.

See the ucs package documentation for explanation.
Type  H <return>  for immediate help.
 ...                                              
                                                  
l.24 ...æ–¥—ã –æ —Å—Ç–∞–Ω–¥–∞—Ä—Ç–Ω—ã—Ö —Å–≤–æ–∏ÃÜ
                                                  —Å—Ç–≤–∞—Ö —Å–µ—Ç–µ–∏ÃÜ –ü...

Composed characters can only be rendered correctly, when the option 'combine' i
s activated


! Package ucs Error: Please activate option 'combine'.

See the ucs package documentation for explanation.
Type  H <return>  for immediate help.
 ...                                              
                                                  
l.24 ...—Ç–Ω—ã—Ö —Å–≤–æ–∏ÃÜ—Å—Ç–≤–∞—Ö —Å–µ—Ç–µ–∏ÃÜ
                                                   –ü–µ—Ç—Ä–∏, —Ç–∞–∫–∏—Ö –∫...

Composed characters can only be rendered correctly, when the option 'combine' i
s activated


! Package ucs Error: Please activate option 'combine'.

See the ucs package documentation for explanation.
Type  H <return>  for immediate help.
 ...                                              
                                                  
l.24 ...¥—É—Å–º–æ—Ç—Ä–µ–Ω —Å–ø–µ—Ü–∏–∞–ª—å–Ω—ã–∏ÃÜ
                                                   —è–∑—ã–∫ –Ω–∞ –æ—Å–Ω–æ–≤–...

Composed characters can only be rendered correctly, when the option 'combine' i
s activated


! Package ucs Error: Please activate option 'combine'.

See the ucs package documentation for explanation.
Type  H <return>  for immediate help.
 ...                                              
                                                  
l.25 –Ω–µ—Å—Ç–∞–Ω–¥–∞—Ä—Ç–Ω—ã—Ö —Å–≤–æ–∏ÃÜ
                                          —Å—Ç–≤–∞—Ö –ø—Ä–æ—Å—Ç—Ä–∞–Ω—Å—Ç–≤–...

Composed characters can only be rendered correctly, when the option 'combine' i
s activated


! Package ucs Error: Please activate option 'combine'.

See the ucs package documentation for explanation.
Type  H <return>  for immediate help.
 ...                                              
                                                  
l.25 ...Ä–æ—Å—Ç—Ä–∞–Ω—Å—Ç–≤–∞ —Å–æ—Å—Ç–æ—è–Ω–∏–∏ÃÜ
                                                  , –∫–æ—Ç–æ—Ä—ã–µ –≤–∞–∂–Ω—...

Composed characters can only be rendered correctly, when the option 'combine' i
s activated


! Package ucs Error: Please activate option 'combine'.

See the ucs package documentation for explanation.
Type  H <return>  for immediate help.
 ...                                              
                                                  
l.25 ...—é, –¥–ª—è —Å–ª–æ–∂–Ω—ã—Ö –º–æ–¥–µ–ª–µ–∏ÃÜ
                                                   –ø—Ä–æ—Å—Ç—Ä–∞–Ω—Å—Ç–≤–æ ...

Composed characters can only be rendered correctly, when the option 'combine' i
s activated


! Package ucs Error: Please activate option 'combine'.

See the ucs package documentation for explanation.
Type  H <return>  for immediate help.
 ...                                              
                                                  
l.25 ...Ä–æ—Å—Ç—Ä–∞–Ω—Å—Ç–≤–æ —Å–æ—Å—Ç–æ—è–Ω–∏–∏ÃÜ
                                                   –º–æ–∂–µ—Ç –±—ã—Ç—å —Å–ª–...

Composed characters can only be rendered correctly, when the option 'combine' i
s activated


! Package ucs Error: Please activate option 'combine'.

See the ucs package documentation for explanation.
Type  H <return>  for immediate help.
 ...                                              
                                                  
l.27 –ï–¥–∏–Ω—Å—Ç–≤–µ–Ω–Ω—ã–∏ÃÜ
                                —Å–ø–æ—Å–æ–± –¥–ª—è –∞–Ω–∞–ª–∏–∑–∞ —Å–ª–æ–∂–...

Composed characters can only be rendered correctly, when the option 'combine' i
s activated


! Package ucs Error: Please activate option 'combine'.

See the ucs package documentation for explanation.
Type  H <return>  for immediate help.
 ...                                              
                                                  
l.27 ...–∞–ª–∏–∑–∞ —Å–ª–æ–∂–Ω—ã—Ö –º–æ–¥–µ–ª–µ–∏ÃÜ
                                                   ~--- —ç—Ç–æ –∏–º–∏—Ç–∞—Ü–...

Composed characters can only be rendered correctly, when the option 'combine' i
s activated


! Package ucs Error: Please activate option 'combine'.

See the ucs package documentation for explanation.
Type  H <return>  for immediate help.
 ...                                              
                                                  
l.27 ...–±–æ–∫ –≤ —Ä–∞–∑—Ä–∞–±–∞—Ç—ã–≤–∞–µ–º–æ–∏ÃÜ
                                                   –º–æ–¥–µ–ª–∏, –∞ —Ç–∞–∫–∂...

Composed characters can only be rendered correctly, when the option 'combine' i
s activated


! Package ucs Error: Please activate option 'combine'.

See the ucs package documentation for explanation.
Type  H <return>  for immediate help.
 ...                                              
                                                  
l.27 ...æ–≤–µ–¥–µ–Ω–∏—è –º–æ–¥–µ–ª–∏. –¢–∞–∫–æ–∏ÃÜ
                                                   –ø–æ–¥—Ö–æ–¥ –ø—Ä–∏–º–µ–Ω...

Composed characters can only be rendered correctly, when the option 'combine' i
s activated


! Package ucs Error: Please activate option 'combine'.

See the ucs package documentation for explanation.
Type  H <return>  for immediate help.
 ...                                              
                                                  
l.27 ...æ–º–º—É–Ω–∏–∫–∞—Ü–∏–æ–Ω–Ω—ã—Ö —Å–µ—Ç–µ–∏ÃÜ
                                                  , –Ω–∞–ø—Ä–∏–º–µ—Ä, –ø—Ä–æ...

Composed characters can only be rendered correctly, when the option 'combine' i
s activated


! Package ucs Error: Please activate option 'combine'.

See the ucs package documentation for explanation.
Type  H <return>  for immediate help.
 ...                                              
                                                  
l.27 ..., –Ω–∞–ø—Ä–∏–º–µ—Ä, –ø—Ä–æ–ø—É—Å–∫–Ω–æ–∏ÃÜ
                                                   —Å–ø–æ—Å–æ–±–Ω–æ—Å—Ç–∏ –∏...

Composed characters can only be rendered correctly, when the option 'combine' i
s activated

[6] [7] [8]
Underfull \hbox (badness 1424) in paragraph at lines 74--75
[]\T2A/cmr/m/n/12 ƒ‡ÍÓÌ-ÒıÂÏ‡ Â^^?‡^^?ÎË^^?ÁÛ^^?ÂÚ ÔÂ‰^^?ÒÚ‡‚^^?ÎÂ^^?ÌËÂ Ï‡
¯^^?Û^^?ÚÓ‚ ‡Î^^?„Ó^^?ËÚ^^?Ï‡ ‚ ÍÎ‡Ò^^?ÒÂ
 []

[9] [10] [11] [12]
Underfull \hbox (badness 1917) in paragraph at lines 132--133
[]\T2A/cmr/m/n/12 ŒÒÌÓ‚Ì˚Ï ÒÚ‡Ì^^?‰‡^^?ÚÓÏ ÓÔË^^?Ò‡^^?ÌËˇ UML ‰Ë‡^^?„‡ÏÏ ˇ‚^^
?Îˇ^^?ÂÚ^^?Òˇ XMI (XML
 []

[13] [14] [15] <include/AutomateNet.png, id=311, 188.95593pt x 157.33781pt>
File: include/AutomateNet.png Graphic file (type png)

<use include/AutomateNet.png>
<include/SyncNet.png, id=312, 181.42781pt x 152.06813pt>
File: include/SyncNet.png Graphic file (type png)

<use include/SyncNet.png> [16] [17 <./include/AutomateNet.png (PNG copy)> <./in
clude/SyncNet.png (PNG copy)>]
<include/PriorityNet.png, id=338, 328.22626pt x 101.62968pt>
File: include/PriorityNet.png Graphic file (type png)

<use include/PriorityNet.png>
<include/IngibitorNet.png, id=339, 328.22626pt x 101.62968pt>
File: include/IngibitorNet.png Graphic file (type png)

<use include/IngibitorNet.png>
<include/SelfmodifiedNet1.png, id=344, 328.22626pt x 134.00063pt>
File: include/SelfmodifiedNet1.png Graphic file (type png)

<use include/SelfmodifiedNet1.png>
<include/SelfmodifiedNet2.png, id=346, 328.22626pt x 123.46124pt>
File: include/SelfmodifiedNet2.png Graphic file (type png)

<use include/SelfmodifiedNet2.png> [18 <./include/PriorityNet.png (PNG copy)> <
./include/IngibitorNet.png (PNG copy)>]
! Misplaced \noalign.
\hline ->\noalign 
                  {\ifnum 0=`}\fi \penalty \@M \futurelet \@let@token \LT@@h...
l.243 		\hline
               \endfirsthead
I expect to see \noalign only after the \cr of
an alignment. Proceed, and I'll ignore this case.

! Misplaced \omit.
\multispan ->\omit 
                   \@multispan 
l.243 		\hline \endfirsthead
                            
I expect to see \omit only after tab marks or the \cr of
an alignment. Proceed, and I'll ignore this case.

! Extra alignment tab has been changed to \cr.
<recently read> \endtemplate 
                             
l.243 		\hline \endfirsthead
                            
You have given more \span or & marks than there were
in the preamble to the \halign or \valign now in progress.
So I'll assume that you meant to type \cr instead.


Overfull \hbox (13.23637pt too wide) in alignment at lines 238--243
[] [] [] 
 []


Overfull \hbox (13.23637pt too wide) in alignment at lines 243--245
[] [] [] 
 []


Overfull \hbox (13.23637pt too wide) in alignment at lines 245--247
[] [] [] 
 []


Overfull \hbox (13.23637pt too wide) in alignment at lines 247--248
[] [] [] 
 []


Underfull \hbox (badness 10000) in paragraph at lines 251--251
[]|\T2A/cmr/m/n/12 Œ·˚ÍÌÓ‚ÂÌÌ‡ˇ
 []


Underfull \hbox (badness 10000) in paragraph at lines 253--253
[]|\T2A/cmr/m/n/12 –‡ÒÍ‡¯ÂÌÌ‡ˇ
 []


Underfull \hbox (badness 10000) in paragraph at lines 255--255
[]|\T2A/cmr/m/n/12 »Ì„Ë·ËÚÓ˚ÌÂ
 []


Underfull \hbox (badness 10000) in paragraph at lines 255--255
\T2A/cmr/m/n/12 ÒÂ^^?ÚË, ÒÂ^^?ÚË Ò
 []


Underfull \hbox (badness 10000) in paragraph at lines 255--255
\T2A/cmr/m/n/12 ÔË^^?Ó^^?Ë^^?ÚÂ^^?Ú‡^^?ÏË
 []


Underfull \hbox (badness 10000) in paragraph at lines 255--255
\T2A/cmr/m/n/12 Ë Ò‡^^?ÏÓ^^?ÏÓ^^?‰Ë^^?ÙË^^?
 []


Underfull \hbox (badness 10000) in paragraph at lines 255--255
\T2A/cmr/m/n/12 ˆË^^?Û^^?˛^^?˘Ë^^?Â^^?Òˇ
 []


Underfull \hbox (badness 10000) in paragraph at lines 257--257
[]|\T2A/cmr/m/n/12 »Â‡ıË˜ÂÒÍËÂ
 []


Overfull \hbox (13.23637pt too wide) in alignment at lines 248--258
[] [] [] 
 []

[19 <./include/SelfmodifiedNet1.png (PNG copy)> <./include/SelfmodifiedNet2.png
 (PNG copy)>] [20] [21] [22]) [23] [24]
\openout2 = `30-design.aux'.

 (./30-design.tex
<include/IDEF0.png, id=410, 774.64406pt x 527.72156pt>
File: include/IDEF0.png Graphic file (type png)
 <use include/IDEF0.png>
<include/IDEF0ColouredPetri.png, id=412, 774.64406pt x 527.72156pt>
File: include/IDEF0ColouredPetri.png Graphic file (type png)

<use include/IDEF0ColouredPetri.png> [25



 <./include/IDEF0.png (PNG copy)>]
[26 <./include/IDEF0ColouredPetri.png (PNG copy)>]

LaTeX Warning: Command \cyri invalid in math mode on input line 41.

Missing character: There is no Ë in font cmr12!
LaTeX Font Info:    Try loading font information for T2A+cmtt on input line 49.

(/usr/local/texlive/2010/texmf-dist/tex/latex/cyrillic/t2acmtt.fd
File: t2acmtt.fd 2001/08/11 v1.0a Computer Modern Cyrillic font definitions
)
Overfull \hbox (1.59433pt too wide) in paragraph at lines 76--76
[]            \T2A/cmtt/m/n/12 // ≈ÒÎË ‚Â¯ËÌ‡ Â˘Â ÒÓ‰ÂÊËÚÒˇ ‚ ÒÔËÒÍÂ, ÚÓ Û‰‡Î
ˇÂÏ ÂÂ ÓÚÚÛ‰‡,[] 
 []

[27]
Overfull \hbox (1.59433pt too wide) in paragraph at lines 76--76
[]            \T2A/cmtt/m/n/12 // ”‰‡ÎˇÂÏ ÔÂ‚Û˛ ‰Û„Û ˆËÍÎ‡ ËÁ „‡Ù‡, ÚÂÏ Ò‡Ï˚Ï
 Ì‡Û¯‡ˇ ˆËÍÎ,[] 
 []

<include/RemoveCycles1.png, id=430, 146.04562pt x 163.3603pt>
File: include/RemoveCycles1.png Graphic file (type png)

<use include/RemoveCycles1.png>
! Missing $ inserted.
<inserted text> 
                $
l.84 ...\\ –ù–∞–π–¥–µ–Ω —Ü–∏–∫–ª (A,B) \rightarrow
                                                   (B,C) \rightarrow (C,D) \...
I've inserted a begin-math/end-math symbol since I think
you left one out. Proceed, with fingers crossed.


! LaTeX Error: There's no line here to end.

See the LaTeX manual or LaTeX Companion for explanation.
Type  H <return>  for immediate help.
 ...                                              
                                                  
l.84 ...F) \rightarrow (F,E) \rightarrow (E,A). \\
                                                   –£–¥–∞–ª—è–µ—Ç—Å—è –ø–µ—Ä...

Your command was ignored.
Type  I <command> <return>  to replace it with another command,
or  <return>  to continue without it.

! Missing $ inserted.
<inserted text> 
                $
l.84 ...F) \rightarrow (F,E) \rightarrow (E,A). \\
                                                   –£–¥–∞–ª—è–µ—Ç—Å—è –ø–µ—Ä...
I've inserted a begin-math/end-math symbol since I think
you left one out. Proceed, with fingers crossed.

! Missing } inserted.
<inserted text> 
                }
l.84 ...F) \rightarrow (F,E) \rightarrow (E,A). \\
                                                   –£–¥–∞–ª—è–µ—Ç—Å—è –ø–µ—Ä...
I've inserted something that you may have forgotten.
(See the <inserted text> above.)
With luck, this will get me unwedged. But if you
really didn't forget anything, try typing `2' now; then
my insertion and my current dilemma will both disappear.

! Extra }, or forgotten \endgroup.
l.84 ...–ø–µ—Ä–≤–æ–µ —Ä–µ–±—Ä–æ —Ü–∏–∫–ª–∞ (A,B).}
                                                  
I've deleted a group-closing symbol because it seems to be
spurious, as in `$x}$'. But perhaps the } is legitimate and
you forgot something else, as in `\hbox{$x}'. In such cases
the way to recover is to insert both the forgotten and the
deleted material, e.g., by typing `I$}'.

<include/RemoveCycles2.png, id=431, 146.04562pt x 163.3603pt>
File: include/RemoveCycles2.png Graphic file (type png)

<use include/RemoveCycles2.png>
! Missing $ inserted.
<inserted text> 
                $
l.88 ...\\ –ù–∞–π–¥–µ–Ω —Ü–∏–∫–ª (A,E) \rightarrow
                                                   (E,F) \rightarrow (F,D) \...
I've inserted a begin-math/end-math symbol since I think
you left one out. Proceed, with fingers crossed.


! LaTeX Error: There's no line here to end.

See the LaTeX manual or LaTeX Companion for explanation.
Type  H <return>  for immediate help.
 ...                                              
                                                  
l.88 ...H) \rightarrow (H,G) \rightarrow (G,A). \\
                                                   –£–¥–∞–ª—è–µ—Ç—Å—è –ø–µ—Ä...

Your command was ignored.
Type  I <command> <return>  to replace it with another command,
or  <return>  to continue without it.

! Missing $ inserted.
<inserted text> 
                $
l.88 ...H) \rightarrow (H,G) \rightarrow (G,A). \\
                                                   –£–¥–∞–ª—è–µ—Ç—Å—è –ø–µ—Ä...
I've inserted a begin-math/end-math symbol since I think
you left one out. Proceed, with fingers crossed.

! Missing } inserted.
<inserted text> 
                }
l.88 ...H) \rightarrow (H,G) \rightarrow (G,A). \\
                                                   –£–¥–∞–ª—è–µ—Ç—Å—è –ø–µ—Ä...
I've inserted something that you may have forgotten.
(See the <inserted text> above.)
With luck, this will get me unwedged. But if you
really didn't forget anything, try typing `2' now; then
my insertion and my current dilemma will both disappear.

! Extra }, or forgotten \endgroup.
l.88 ...–ø–µ—Ä–≤–æ–µ —Ä–µ–±—Ä–æ —Ü–∏–∫–ª–∞ (A,E).}
                                                  
I've deleted a group-closing symbol because it seems to be
spurious, as in `$x}$'. But perhaps the } is legitimate and
you forgot something else, as in `\hbox{$x}'. In such cases
the way to recover is to insert both the forgotten and the
deleted material, e.g., by typing `I$}'.

<include/RemoveCycles3.png, id=432, 146.04562pt x 163.3603pt>
File: include/RemoveCycles3.png Graphic file (type png)

<use include/RemoveCycles3.png>
<include/EdgeOrientation.png, id=434, 127.22531pt x 168.63pt>
File: include/EdgeOrientation.png Graphic file (type png)

<use include/EdgeOrientation.png>
<include/VertexOrientation.png, id=435, 79.79813pt x 71.51718pt>
File: include/VertexOrientation.png Graphic file (type png)

<use include/VertexOrientation.png> [28] [29 <./include/RemoveCycles1.png (PNG 
copy)> <./include/RemoveCycles2.png (PNG copy)> <./include/RemoveCycles3.png (P
NG copy)>] <include/TopologicalSort1.png, id=446, 264.23718pt x 139.27031pt>
File: include/TopologicalSort1.png Graphic file (type png)

<use include/TopologicalSort1.png>
<include/TopologicalSort2.png, id=447, 259.7203pt x 139.27031pt>
File: include/TopologicalSort2.png Graphic file (type png)

<use include/TopologicalSort2.png>
<include/TopologicalSort3.png, id=448, 259.7203pt x 139.27031pt>
File: include/TopologicalSort3.png Graphic file (type png)

<use include/TopologicalSort3.png>
<include/TopologicalSort4.png, id=449, 258.9675pt x 139.27031pt>
File: include/TopologicalSort4.png Graphic file (type png)

<use include/TopologicalSort4.png> [30 <./include/EdgeOrientation.png (PNG copy
)> <./include/VertexOrientation.png (PNG copy)>] [31 <./include/TopologicalSort
1.png (PNG copy)> <./include/TopologicalSort2.png (PNG copy)> <./include/Topolo
gicalSort3.png (PNG copy)> <./include/TopologicalSort4.png (PNG copy)>]
<include/Graph.png, id=463, 417.05812pt x 379.4175pt>
File: include/Graph.png Graphic file (type png)
 <use include/Graph.png>
<include/MosaicView.png, id=464, 311.66437pt x 227.34938pt>
File: include/MosaicView.png Graphic file (type png)

<use include/MosaicView.png> [32] [33 <./include/Graph.png (PNG copy)> <./inclu
de/MosaicView.png (PNG copy)>]

LaTeX Warning: Command \CYRG invalid in math mode on input line 203.

Missing character: There is no √ in font cmr12!
Package hyperref Info: bookmark level for unknown lstlisting defaults to 0 on i
nput line 215.
(/usr/local/texlive/2010/texmf-dist/tex/latex/cyrillic/koi8-r.def
File: koi8-r.def 1999/11/16 v1.0d Input encoding file
)
LaTeX Font Info:    Font shape `OML/cmr/m/it' in size <10> not available
(Font)              Font shape `OML/cmm/m/it' tried instead on input line 216.
 [34]
<include/CompositeActivity.png, id=496, 457.71pt x 174.6525pt>
File: include/CompositeActivity.png Graphic file (type png)

<use include/CompositeActivity.png> [35 <./include/CompositeActivity.png (PNG c
opy)>] (/usr/local/texlive/2010/texmf-dist/tex/latex/cyrillic/koi8-r.def
File: koi8-r.def 1999/11/16 v1.0d Input encoding file
)
(/usr/local/texlive/2010/texmf-dist/tex/latex/cyrillic/koi8-r.def
File: koi8-r.def 1999/11/16 v1.0d Input encoding file
)
(/usr/local/texlive/2010/texmf-dist/tex/latex/cyrillic/koi8-r.def
File: koi8-r.def 1999/11/16 v1.0d Input encoding file
)
LaTeX Font Info:    Font shape `OML/cmr/m/n' in size <10.95> not available
(Font)              Font shape `OML/cmm/m/it' tried instead on input line 293.
LaTeX Font Info:    Font shape `OMS/cmr/m/n' in size <10.95> not available
(Font)              Font shape `OMS/cmsy/m/n' tried instead on input line 293.
 [36]
<include/Activity.png, id=525, 54.9553pt x 67.75313pt>
File: include/Activity.png Graphic file (type png)

<use include/Activity.png>
<include/ActivityPetri.png, id=526, 67.75313pt x 67.75313pt>
File: include/ActivityPetri.png Graphic file (type png)

<use include/ActivityPetri.png>
Overfull \hbox (24.0pt too wide) in paragraph at lines 312--315
[][] 
 []


Underfull \hbox (badness 10000) in paragraph at lines 303--317

 []

<include/Condition.png, id=527, 66.2475pt x 66.2475pt>
File: include/Condition.png Graphic file (type png)

<use include/Condition.png>
<include/ConditionPetri.png, id=528, 106.89937pt x 69.25874pt>
File: include/ConditionPetri.png Graphic file (type png)

<use include/ConditionPetri.png>
Overfull \hbox (24.0pt too wide) in paragraph at lines 327--330
[][] 
 []


Underfull \hbox (badness 10000) in paragraph at lines 318--332

 []

<include/Fork.png, id=529, 42.91031pt x 57.96657pt>
File: include/Fork.png Graphic file (type png)
 <use include/Fork.png>
<include/ForkPetri.png, id=530, 37.64063pt x 60.225pt>
File: include/ForkPetri.png Graphic file (type png)

<use include/ForkPetri.png>
Overfull \hbox (24.0pt too wide) in paragraph at lines 342--345
[][] 
 []


Underfull \hbox (badness 10000) in paragraph at lines 333--347

 []

<include/Merge.png, id=531, 42.1575pt x 57.96657pt>
File: include/Merge.png Graphic file (type png)
 <use include/Merge.png>
<include/MergePetri.png, id=532, 60.97781pt x 66.2475pt>
File: include/MergePetri.png Graphic file (type png)

<use include/MergePetri.png>
Overfull \hbox (24.0pt too wide) in paragraph at lines 356--359
[][] 
 []


Underfull \hbox (badness 10000) in paragraph at lines 348--361

 []

[37 <./include/Activity.png (PNG copy)> <./include/ActivityPetri.png (PNG copy)
> <./include/Condition.png (PNG copy)> <./include/ConditionPetri.png (PNG copy)
> <./include/Fork.png (PNG copy)> <./include/ForkPetri.png (PNG copy)> <./inclu
de/Merge.png (PNG copy)> <./include/MergePetri.png (PNG copy)>] [38] [39]

LaTeX Warning: Command \cyrt invalid in math mode on input line 432.


LaTeX Warning: Command \cyro invalid in math mode on input line 432.

Missing character: There is no Ú in font cmr12!
Missing character: There is no Ó in font cmr12!

LaTeX Warning: Command \cyri invalid in math mode on input line 433.

Missing character: There is no Ë in font cmr12!
) [40]
\openout2 = `40-impl.aux'.

 (./40-impl.tex

! Package ucs Error: Please activate option 'combine'.

See the ucs package documentation for explanation.
Type  H <return>  for immediate help.
 ...                                              
                                                  
l.5 ...—Ç—Å—è –∫—Ä–æ—Å—Å–ø–ª–∞—Ç—Ñ–æ—Ä–º–µ–Ω–æ–∏ÃÜ
                                                   –∏ –æ–±–ª–∞–¥–∞–µ—Ç –æ–≥—...

Composed characters can only be rendered correctly, when the option 'combine' i
s activated


! Package ucs Error: Please activate option 'combine'.

See the ucs package documentation for explanation.
Type  H <return>  for immediate help.
 ...                                              
                                                  
l.5 ...–∏ÃÜ –∏ –æ–±–ª–∞–¥–∞–µ—Ç –æ–≥—Ä–æ–º–Ω–æ–∏ÃÜ
                                                   –±–∏–±–ª–∏–æ—Ç–µ–∫–æ–∏ÃÜ ...

Composed characters can only be rendered correctly, when the option 'combine' i
s activated


! Package ucs Error: Please activate option 'combine'.

See the ucs package documentation for explanation.
Type  H <return>  for immediate help.
 ...                                              
                                                  
l.5 ...–æ–≥—Ä–æ–º–Ω–æ–∏ÃÜ –±–∏–±–ª–∏–æ—Ç–µ–∫–æ–∏ÃÜ
                                                   –∫–ª–∞—Å—Å–æ–≤, —á—Ç–æ —Å...

Composed characters can only be rendered correctly, when the option 'combine' i
s activated


! Package ucs Error: Please activate option 'combine'.

See the ucs package documentation for explanation.
Type  H <return>  for immediate help.
 ...                                              
                                                  
l.5 ...Ø–∑—ã–∫ C++ —è–≤–ª—è–µ—Ç—Å—è –º–æ—â–Ω–µ–∏ÃÜ
                                                  —à–∏–º –∏–Ω—Å—Ç—Ä—É–º–µ–Ω—...

Composed characters can only be rendered correctly, when the option 'combine' i
s activated


! Package ucs Error: Please activate option 'combine'.

See the ucs package documentation for explanation.
Type  H <return>  for immediate help.
 ...                                              
                                                  
l.5 ...µ—Ç –≤–æ–∑–º–æ–∂–Ω–æ—Å—Ç—å –±—ã—Å—Ç—Ä–æ–∏ÃÜ
                                                   —Ä–∞–∑—Ä–∞–±–æ—Ç–∫–∏ –ø—Ä...

Composed characters can only be rendered correctly, when the option 'combine' i
s activated


! Package ucs Error: Please activate option 'combine'.

See the ucs package documentation for explanation.
Type  H <return>  for immediate help.
 ...                                              
                                                  
l.5 ...—Ä–∞–∑—Ä–∞–±–æ—Ç–∫–∏ –ø—Ä–∏–ª–æ–∂–µ–Ω–∏–∏ÃÜ
                                                  , –Ω–æ –ø—Ä–∏ —ç—Ç–æ–º —Å–...

Composed characters can only be rendered correctly, when the option 'combine' i
s activated


! Package ucs Error: Please activate option 'combine'.

See the ucs package documentation for explanation.
Type  H <return>  for immediate help.
 ...                                              
                                                  
l.9 ...—å–Ω—É—é —Å—Ç—Ä—É–∫—Ç—É—Ä—É. –ö–∞–∂–¥—ã–∏ÃÜ
                                                   –º–æ–¥—É–ª—å –æ—Ç–≤–µ—á–∞...

Composed characters can only be rendered correctly, when the option 'combine' i
s activated


! Package ucs Error: Please activate option 'combine'.

See the ucs package documentation for explanation.
Type  H <return>  for immediate help.
 ...                                              
                                                  
l.11 ... —Ä–µ–∞–ª–∏–∑—É—é—â–∏–µ –∏–Ω—Ç–µ—Ä—Ñ–µ–∏ÃÜ
                                                  —Å –ø—Ä–æ–≥—Ä–∞–º–º—ã;
Composed characters can only be rendered correctly, when the option 'combine' i
s activated

[41



] <include/Type.png, id=563, 243.15843pt x 135.50626pt>
File: include/Type.png Graphic file (type png)

<use include/Type.png> [42 <./include/Type.png (PNG copy)>]
(/usr/local/texlive/2010/texmf-dist/tex/latex/listings/lstlang1.sty
File: lstlang1.sty 2004/09/05 1.3 listings language file
)
(/usr/local/texlive/2010/texmf-dist/tex/latex/cyrillic/koi8-r.def
File: koi8-r.def 1999/11/16 v1.0d Input encoding file
) [43]
(/usr/local/texlive/2010/texmf-dist/tex/latex/cyrillic/koi8-r.def
File: koi8-r.def 1999/11/16 v1.0d Input encoding file
)) [44]
[45]
\openout2 = `81-biblio.aux'.

 (./81-biblio.tex (./rpz.bbl
Underfull \hbox (badness 7064) in paragraph at lines 12--15
[]\T2A/cmr/m/it/12 ƒ., œ‡ÓÌ‰Ê‡ÌÓ‚ ¬. \T2A/cmr/m/n/12 “ÂÓÂÚË˜ÂÒÍËÂ ÓÒÌÓ‚˚ ˇÁ˚Í
‡ ƒ–¿ ŒÕ /
 []


Underfull \hbox (badness 10000) in paragraph at lines 18--29
[]\T2A/cmr/m/it/12 ≈Ï‡ÍÓ‚ ». ≈., ∆Ë„ÛÌÂÌÍÓ Õ. ¿. \T2A/cmr/m/n/12 ƒ‚ÛÏÂÌÓÂ ÒÚ
ÛÍÚÛÌÓÂ
 []


Underfull \hbox (badness 2698) in paragraph at lines 45--48
[]\T2A/cmr/m/it/12 ƒÊ., œËÚÂÒÓÌ\T2A/cmr/m/n/12 . “ÂÓËˇ ÒÂÚÂÈ œÂÚË Ë ÏÓ‰ÂÎËÓ
‚‡ÌËÂ ÒËÒÚÂÏ /
 []


Underfull \hbox (badness 4819) in paragraph at lines 57--63
[]\T2A/cmr/m/it/12 ¬., ÿ‡ıÓ‚\T2A/cmr/m/n/12 . ÃÓ‰ÂÎËÓ‚‡ÌËÂ ÔÓ„‡ÏÏÌÓ-‡ÔÔ‡‡ÚÌ
˚ı æÂ‡ÍÚË‚Ì˚ıø
 []

)) [46



]
Package atveryend Info: Empty hook `BeforeClearDocument' on input line 37.
Package atveryend Info: Empty hook `AfterLastShipout' on input line 37.
 (./rpz.aux (./12-intro.aux) (./20-analysis.aux) (./30-design.aux)
(./40-impl.aux) (./81-biblio.aux))
Package atveryend Info: Executing hook `AtVeryEndDocument' on input line 37.
Package rerunfilecheck Info: File `rpz.out' has not changed.
(rerunfilecheck)             Checksum: E03152A81CFD1F413A7A157561CFB72B;10888.


LaTeX Font Warning: Some font shapes were not available, defaults substituted.


LaTeX Warning: There were multiply-defined labels.

 ) 
Here is how much of TeX's memory you used:
 20451 strings out of 493747
 346693 string characters out of 3143546
 470396 words of memory out of 3000000
 22980 multiletter control sequences out of 15000+200000
 19279 words of font info for 52 fonts, out of 3000000 for 9000
 714 hyphenation exceptions out of 8191
 51i,12n,75p,1796b,2334s stack positions out of 5000i,500n,10000p,200000b,50000s
{/usr/local/texlive/2010/texmf-dist/fonts/enc/dvips/cm-super/cm-super-t2a.enc
}</usr/local/texlive/2010/texmf-dist/fonts/type1/public/amsfonts/cm/cmex10.pfb>
</usr/local/texlive/2010/texmf-dist/fonts/type1/public/amsfonts/cm/cmmi10.pfb><
/usr/local/texlive/2010/texmf-dist/fonts/type1/public/amsfonts/cm/cmmi12.pfb></
usr/local/texlive/2010/texmf-dist/fonts/type1/public/amsfonts/cm/cmmi6.pfb></us
r/local/texlive/2010/texmf-dist/fonts/type1/public/amsfonts/cm/cmmi8.pfb></usr/
local/texlive/2010/texmf-dist/fonts/type1/public/amsfonts/cm/cmr12.pfb></usr/lo
cal/texlive/2010/texmf-dist/fonts/type1/public/amsfonts/cm/cmr8.pfb></usr/local
/texlive/2010/texmf-dist/fonts/type1/public/amsfonts/cm/cmsy10.pfb></usr/local/
texlive/2010/texmf-dist/fonts/type1/public/amsfonts/cm/cmsy8.pfb></usr/local/te
xlive/2010/texmf-dist/fonts/type1/public/amsfonts/symbols/msam10.pfb></usr/loca
l/texlive/2010/texmf-dist/fonts/type1/public/cm-super/sfbi1200.pfb></usr/local/
texlive/2010/texmf-dist/fonts/type1/public/cm-super/sfbx1095.pfb></usr/local/te
xlive/2010/texmf-dist/fonts/type1/public/cm-super/sfbx1200.pfb></usr/local/texl
ive/2010/texmf-dist/fonts/type1/public/cm-super/sfbx1440.pfb></usr/local/texliv
e/2010/texmf-dist/fonts/type1/public/cm-super/sfrm1095.pfb></usr/local/texlive/
2010/texmf-dist/fonts/type1/public/cm-super/sfrm1200.pfb></usr/local/texlive/20
10/texmf-dist/fonts/type1/public/cm-super/sfti1200.pfb></usr/local/texlive/2010
/texmf-dist/fonts/type1/public/cm-super/sftt1200.pfb>
Output written on rpz.pdf (46 pages, 679306 bytes).
PDF statistics:
 737 PDF objects out of 1000 (max. 8388607)
 614 compressed objects within 7 object streams
 210 named destinations out of 1000 (max. 500000)
 594 words of extra memory for PDF output out of 10000 (max. 10000000)

